02:44:30.432 [restartedMain] INFO  ks47team01.Ks47team01Application - Starting Ks47team01Application using Java 17.0.6 with PID 88434 (/Users/kimjunsu/ks47team01_2/ks47team01_01/ks47team01/target/classes started by kimjunsu in /Users/kimjunsu/ks47team01_2/ks47team01_01)
02:44:30.434 [restartedMain] INFO  ks47team01.Ks47team01Application - No active profile set, falling back to 1 default profile: "default"
02:44:30.546 [restartedMain] INFO  o.s.b.d.e.DevToolsPropertyDefaultsPostProcessor - Devtools property defaults active! Set 'spring.devtools.add-properties' to 'false' to disable
02:44:30.547 [restartedMain] INFO  o.s.b.d.e.DevToolsPropertyDefaultsPostProcessor - For additional web related logging consider setting the 'logging.level.web' property to 'DEBUG'
02:44:30.847 [restartedMain] INFO  o.s.d.r.c.RepositoryConfigurationDelegate - Bootstrapping Spring Data JDBC repositories in DEFAULT mode.
02:44:30.854 [restartedMain] INFO  o.s.d.r.c.RepositoryConfigurationDelegate - Finished Spring Data repository scanning in 5 ms. Found 0 JDBC repository interfaces.
02:44:31.097 [restartedMain] INFO  o.s.b.w.e.tomcat.TomcatWebServer - Tomcat initialized with port(s): 80 (http)
02:44:31.131 [restartedMain] INFO  o.s.b.w.s.c.ServletWebServerApplicationContext - Root WebApplicationContext: initialization completed in 583 ms
02:44:32.196 [restartedMain] INFO  o.s.b.d.a.OptionalLiveReloadServer - LiveReload server is running on port 35729
02:44:32.215 [restartedMain] INFO  o.s.b.w.e.tomcat.TomcatWebServer - Tomcat started on port(s): 80 (http) with context path ''
02:44:32.220 [restartedMain] INFO  ks47team01.Ks47team01Application - Started Ks47team01Application in 1.993 seconds (process running for 2.253)
02:44:37.468 [http-nio-80-exec-1] INFO  o.s.web.servlet.DispatcherServlet - Initializing Servlet 'dispatcherServlet'
02:44:37.468 [http-nio-80-exec-1] INFO  o.s.web.servlet.DispatcherServlet - Completed initialization in 0 ms
02:44:37.476 [http-nio-80-exec-1] INFO  k.c.interceptor.CommonInterceptor - ACCESS INFO======================================================
02:44:37.477 [http-nio-80-exec-1] INFO  k.c.interceptor.CommonInterceptor - PORT		    ::::::		80
02:44:37.477 [http-nio-80-exec-1] INFO  k.c.interceptor.CommonInterceptor - ServerName		::::::		localhost
02:44:37.477 [http-nio-80-exec-1] INFO  k.c.interceptor.CommonInterceptor - HTTPMethod		::::::		GET
02:44:37.477 [http-nio-80-exec-1] INFO  k.c.interceptor.CommonInterceptor - URI			    ::::::		/
02:44:37.477 [http-nio-80-exec-1] INFO  k.c.interceptor.CommonInterceptor - CLIENT IP		::::::		0:0:0:0:0:0:0:1
02:44:37.477 [http-nio-80-exec-1] INFO  k.c.interceptor.CommonInterceptor - Parameter		::::::		
02:44:37.477 [http-nio-80-exec-1] INFO  k.c.interceptor.CommonInterceptor - ACCESS INFO======================================================
02:44:37.978 [http-nio-80-exec-5] INFO  k.c.interceptor.CommonInterceptor - ACCESS INFO======================================================
02:44:37.978 [http-nio-80-exec-5] INFO  k.c.interceptor.CommonInterceptor - PORT		    ::::::		80
02:44:37.978 [http-nio-80-exec-5] INFO  k.c.interceptor.CommonInterceptor - ServerName		::::::		localhost
02:44:37.978 [http-nio-80-exec-5] INFO  k.c.interceptor.CommonInterceptor - HTTPMethod		::::::		GET
02:44:37.978 [http-nio-80-exec-5] INFO  k.c.interceptor.CommonInterceptor - URI			    ::::::		/
02:44:37.978 [http-nio-80-exec-5] INFO  k.c.interceptor.CommonInterceptor - CLIENT IP		::::::		0:0:0:0:0:0:0:1
02:44:37.978 [http-nio-80-exec-5] INFO  k.c.interceptor.CommonInterceptor - Parameter		::::::		
02:44:37.979 [http-nio-80-exec-5] INFO  k.c.interceptor.CommonInterceptor - ACCESS INFO======================================================
02:44:38.146 [http-nio-80-exec-10] INFO  k.c.interceptor.CommonInterceptor - ACCESS INFO======================================================
02:44:38.146 [http-nio-80-exec-10] INFO  k.c.interceptor.CommonInterceptor - PORT		    ::::::		80
02:44:38.146 [http-nio-80-exec-10] INFO  k.c.interceptor.CommonInterceptor - ServerName		::::::		localhost
02:44:38.146 [http-nio-80-exec-10] INFO  k.c.interceptor.CommonInterceptor - HTTPMethod		::::::		GET
02:44:38.146 [http-nio-80-exec-10] INFO  k.c.interceptor.CommonInterceptor - URI			    ::::::		/favicon.ico
02:44:38.146 [http-nio-80-exec-10] INFO  k.c.interceptor.CommonInterceptor - CLIENT IP		::::::		0:0:0:0:0:0:0:1
02:44:38.146 [http-nio-80-exec-10] INFO  k.c.interceptor.CommonInterceptor - Parameter		::::::		
02:44:38.146 [http-nio-80-exec-10] INFO  k.c.interceptor.CommonInterceptor - ACCESS INFO======================================================
02:44:38.150 [http-nio-80-exec-10] INFO  k.c.interceptor.CommonInterceptor - ACCESS INFO======================================================
02:44:38.150 [http-nio-80-exec-10] INFO  k.c.interceptor.CommonInterceptor - PORT		    ::::::		80
02:44:38.150 [http-nio-80-exec-10] INFO  k.c.interceptor.CommonInterceptor - ServerName		::::::		localhost
02:44:38.150 [http-nio-80-exec-10] INFO  k.c.interceptor.CommonInterceptor - HTTPMethod		::::::		GET
02:44:38.150 [http-nio-80-exec-10] INFO  k.c.interceptor.CommonInterceptor - URI			    ::::::		/error
02:44:38.150 [http-nio-80-exec-10] INFO  k.c.interceptor.CommonInterceptor - CLIENT IP		::::::		0:0:0:0:0:0:0:1
02:44:38.150 [http-nio-80-exec-10] INFO  k.c.interceptor.CommonInterceptor - Parameter		::::::		
02:44:38.150 [http-nio-80-exec-10] INFO  k.c.interceptor.CommonInterceptor - ACCESS INFO======================================================
02:44:46.657 [http-nio-80-exec-1] INFO  k.c.interceptor.CommonInterceptor - ACCESS INFO======================================================
02:44:46.658 [http-nio-80-exec-1] INFO  k.c.interceptor.CommonInterceptor - PORT		    ::::::		80
02:44:46.658 [http-nio-80-exec-1] INFO  k.c.interceptor.CommonInterceptor - ServerName		::::::		localhost
02:44:46.658 [http-nio-80-exec-1] INFO  k.c.interceptor.CommonInterceptor - HTTPMethod		::::::		GET
02:44:46.658 [http-nio-80-exec-1] INFO  k.c.interceptor.CommonInterceptor - URI			    ::::::		/adminFakeLogin
02:44:46.658 [http-nio-80-exec-1] INFO  k.c.interceptor.CommonInterceptor - CLIENT IP		::::::		0:0:0:0:0:0:0:1
02:44:46.658 [http-nio-80-exec-1] INFO  k.c.interceptor.CommonInterceptor - Parameter		::::::		
02:44:46.658 [http-nio-80-exec-1] INFO  k.c.interceptor.CommonInterceptor - ACCESS INFO======================================================
02:44:46.666 [http-nio-80-exec-1] INFO  k.c.interceptor.CommonInterceptor - ACCESS INFO======================================================
02:44:46.666 [http-nio-80-exec-1] INFO  k.c.interceptor.CommonInterceptor - PORT		    ::::::		80
02:44:46.666 [http-nio-80-exec-1] INFO  k.c.interceptor.CommonInterceptor - ServerName		::::::		localhost
02:44:46.666 [http-nio-80-exec-1] INFO  k.c.interceptor.CommonInterceptor - HTTPMethod		::::::		GET
02:44:46.666 [http-nio-80-exec-1] INFO  k.c.interceptor.CommonInterceptor - URI			    ::::::		/error
02:44:46.666 [http-nio-80-exec-1] INFO  k.c.interceptor.CommonInterceptor - CLIENT IP		::::::		0:0:0:0:0:0:0:1
02:44:46.666 [http-nio-80-exec-1] INFO  k.c.interceptor.CommonInterceptor - Parameter		::::::		
02:44:46.667 [http-nio-80-exec-1] INFO  k.c.interceptor.CommonInterceptor - ACCESS INFO======================================================
02:48:08.478 [restartedMain] INFO  ks47team01.Ks47team01Application - Starting Ks47team01Application using Java 17.0.6 with PID 88669 (/Users/kimjunsu/ks47team01_2/ks47team01_01/ks47team01/target/classes started by kimjunsu in /Users/kimjunsu/ks47team01_2/ks47team01_01)
02:48:08.479 [restartedMain] INFO  ks47team01.Ks47team01Application - No active profile set, falling back to 1 default profile: "default"
02:48:08.578 [restartedMain] INFO  o.s.b.d.e.DevToolsPropertyDefaultsPostProcessor - Devtools property defaults active! Set 'spring.devtools.add-properties' to 'false' to disable
02:48:08.579 [restartedMain] INFO  o.s.b.d.e.DevToolsPropertyDefaultsPostProcessor - For additional web related logging consider setting the 'logging.level.web' property to 'DEBUG'
02:48:08.865 [restartedMain] INFO  o.s.d.r.c.RepositoryConfigurationDelegate - Bootstrapping Spring Data JDBC repositories in DEFAULT mode.
02:48:08.873 [restartedMain] INFO  o.s.d.r.c.RepositoryConfigurationDelegate - Finished Spring Data repository scanning in 5 ms. Found 0 JDBC repository interfaces.
02:48:09.096 [restartedMain] INFO  o.s.b.w.e.tomcat.TomcatWebServer - Tomcat initialized with port(s): 80 (http)
02:48:09.127 [restartedMain] INFO  o.s.b.w.s.c.ServletWebServerApplicationContext - Root WebApplicationContext: initialization completed in 547 ms
02:48:10.045 [restartedMain] INFO  o.s.b.d.a.OptionalLiveReloadServer - LiveReload server is running on port 35729
02:48:10.068 [restartedMain] INFO  o.s.b.w.e.tomcat.TomcatWebServer - Tomcat started on port(s): 80 (http) with context path ''
02:48:10.073 [restartedMain] INFO  ks47team01.Ks47team01Application - Started Ks47team01Application in 1.788 seconds (process running for 2.027)
02:48:12.072 [http-nio-80-exec-1] INFO  o.s.web.servlet.DispatcherServlet - Initializing Servlet 'dispatcherServlet'
02:48:12.073 [http-nio-80-exec-1] INFO  o.s.web.servlet.DispatcherServlet - Completed initialization in 0 ms
02:48:12.081 [http-nio-80-exec-1] INFO  k.c.interceptor.CommonInterceptor - ACCESS INFO======================================================
02:48:12.081 [http-nio-80-exec-1] INFO  k.c.interceptor.CommonInterceptor - PORT		    ::::::		80
02:48:12.082 [http-nio-80-exec-1] INFO  k.c.interceptor.CommonInterceptor - ServerName		::::::		localhost
02:48:12.082 [http-nio-80-exec-1] INFO  k.c.interceptor.CommonInterceptor - HTTPMethod		::::::		GET
02:48:12.082 [http-nio-80-exec-1] INFO  k.c.interceptor.CommonInterceptor - URI			    ::::::		/
02:48:12.082 [http-nio-80-exec-1] INFO  k.c.interceptor.CommonInterceptor - CLIENT IP		::::::		0:0:0:0:0:0:0:1
02:48:12.082 [http-nio-80-exec-1] INFO  k.c.interceptor.CommonInterceptor - Parameter		::::::		
02:48:12.082 [http-nio-80-exec-1] INFO  k.c.interceptor.CommonInterceptor - ACCESS INFO======================================================
02:48:12.561 [http-nio-80-exec-7] INFO  k.c.interceptor.CommonInterceptor - ACCESS INFO======================================================
02:48:12.561 [http-nio-80-exec-7] INFO  k.c.interceptor.CommonInterceptor - PORT		    ::::::		80
02:48:12.561 [http-nio-80-exec-7] INFO  k.c.interceptor.CommonInterceptor - ServerName		::::::		localhost
02:48:12.561 [http-nio-80-exec-7] INFO  k.c.interceptor.CommonInterceptor - HTTPMethod		::::::		GET
02:48:12.561 [http-nio-80-exec-7] INFO  k.c.interceptor.CommonInterceptor - URI			    ::::::		/
02:48:12.561 [http-nio-80-exec-7] INFO  k.c.interceptor.CommonInterceptor - CLIENT IP		::::::		0:0:0:0:0:0:0:1
02:48:12.561 [http-nio-80-exec-7] INFO  k.c.interceptor.CommonInterceptor - Parameter		::::::		
02:48:12.561 [http-nio-80-exec-7] INFO  k.c.interceptor.CommonInterceptor - ACCESS INFO======================================================
02:48:24.570 [http-nio-80-exec-8] INFO  k.c.interceptor.CommonInterceptor - ACCESS INFO======================================================
02:48:24.571 [http-nio-80-exec-8] INFO  k.c.interceptor.CommonInterceptor - PORT		    ::::::		80
02:48:24.572 [http-nio-80-exec-8] INFO  k.c.interceptor.CommonInterceptor - ServerName		::::::		localhost
02:48:24.572 [http-nio-80-exec-8] INFO  k.c.interceptor.CommonInterceptor - HTTPMethod		::::::		GET
02:48:24.572 [http-nio-80-exec-8] INFO  k.c.interceptor.CommonInterceptor - URI			    ::::::		/adminFakeLogin
02:48:24.572 [http-nio-80-exec-8] INFO  k.c.interceptor.CommonInterceptor - CLIENT IP		::::::		0:0:0:0:0:0:0:1
02:48:24.572 [http-nio-80-exec-8] INFO  k.c.interceptor.CommonInterceptor - Parameter		::::::		
02:48:24.572 [http-nio-80-exec-8] INFO  k.c.interceptor.CommonInterceptor - ACCESS INFO======================================================
02:48:26.879 [http-nio-80-exec-8] INFO  k.c.interceptor.CommonInterceptor - ACCESS INFO======================================================
02:48:26.879 [http-nio-80-exec-8] INFO  k.c.interceptor.CommonInterceptor - PORT		    ::::::		80
02:48:26.879 [http-nio-80-exec-8] INFO  k.c.interceptor.CommonInterceptor - ServerName		::::::		localhost
02:48:26.879 [http-nio-80-exec-8] INFO  k.c.interceptor.CommonInterceptor - HTTPMethod		::::::		GET
02:48:26.879 [http-nio-80-exec-8] INFO  k.c.interceptor.CommonInterceptor - URI			    ::::::		/fakeLogOut
02:48:26.879 [http-nio-80-exec-8] INFO  k.c.interceptor.CommonInterceptor - CLIENT IP		::::::		0:0:0:0:0:0:0:1
02:48:26.879 [http-nio-80-exec-8] INFO  k.c.interceptor.CommonInterceptor - Parameter		::::::		
02:48:26.879 [http-nio-80-exec-8] INFO  k.c.interceptor.CommonInterceptor - ACCESS INFO======================================================
02:48:33.286 [http-nio-80-exec-5] INFO  k.c.interceptor.CommonInterceptor - ACCESS INFO======================================================
02:48:33.287 [http-nio-80-exec-5] INFO  k.c.interceptor.CommonInterceptor - PORT		    ::::::		80
02:48:33.287 [http-nio-80-exec-5] INFO  k.c.interceptor.CommonInterceptor - ServerName		::::::		localhost
02:48:33.288 [http-nio-80-exec-5] INFO  k.c.interceptor.CommonInterceptor - HTTPMethod		::::::		GET
02:48:33.288 [http-nio-80-exec-5] INFO  k.c.interceptor.CommonInterceptor - URI			    ::::::		/
02:48:33.288 [http-nio-80-exec-5] INFO  k.c.interceptor.CommonInterceptor - CLIENT IP		::::::		0:0:0:0:0:0:0:1
02:48:33.288 [http-nio-80-exec-5] INFO  k.c.interceptor.CommonInterceptor - Parameter		::::::		
02:48:33.288 [http-nio-80-exec-5] INFO  k.c.interceptor.CommonInterceptor - ACCESS INFO======================================================
02:48:33.412 [http-nio-80-exec-8] INFO  k.c.interceptor.CommonInterceptor - ACCESS INFO======================================================
02:48:33.412 [http-nio-80-exec-8] INFO  k.c.interceptor.CommonInterceptor - PORT		    ::::::		80
02:48:33.412 [http-nio-80-exec-8] INFO  k.c.interceptor.CommonInterceptor - ServerName		::::::		localhost
02:48:33.412 [http-nio-80-exec-8] INFO  k.c.interceptor.CommonInterceptor - HTTPMethod		::::::		GET
02:48:33.413 [http-nio-80-exec-8] INFO  k.c.interceptor.CommonInterceptor - URI			    ::::::		/
02:48:33.413 [http-nio-80-exec-8] INFO  k.c.interceptor.CommonInterceptor - CLIENT IP		::::::		0:0:0:0:0:0:0:1
02:48:33.413 [http-nio-80-exec-8] INFO  k.c.interceptor.CommonInterceptor - Parameter		::::::		
02:48:33.413 [http-nio-80-exec-8] INFO  k.c.interceptor.CommonInterceptor - ACCESS INFO======================================================
02:48:35.984 [http-nio-80-exec-7] INFO  k.c.interceptor.CommonInterceptor - ACCESS INFO======================================================
02:48:35.985 [http-nio-80-exec-7] INFO  k.c.interceptor.CommonInterceptor - PORT		    ::::::		80
02:48:35.985 [http-nio-80-exec-7] INFO  k.c.interceptor.CommonInterceptor - ServerName		::::::		localhost
02:48:35.985 [http-nio-80-exec-7] INFO  k.c.interceptor.CommonInterceptor - HTTPMethod		::::::		GET
02:48:35.985 [http-nio-80-exec-7] INFO  k.c.interceptor.CommonInterceptor - URI			    ::::::		/index
02:48:35.985 [http-nio-80-exec-7] INFO  k.c.interceptor.CommonInterceptor - CLIENT IP		::::::		0:0:0:0:0:0:0:1
02:48:35.985 [http-nio-80-exec-7] INFO  k.c.interceptor.CommonInterceptor - Parameter		::::::		
02:48:35.985 [http-nio-80-exec-7] INFO  k.c.interceptor.CommonInterceptor - ACCESS INFO======================================================
02:48:37.575 [http-nio-80-exec-1] INFO  k.c.interceptor.CommonInterceptor - ACCESS INFO======================================================
02:48:37.576 [http-nio-80-exec-1] INFO  k.c.interceptor.CommonInterceptor - PORT		    ::::::		80
02:48:37.576 [http-nio-80-exec-1] INFO  k.c.interceptor.CommonInterceptor - ServerName		::::::		localhost
02:48:37.576 [http-nio-80-exec-1] INFO  k.c.interceptor.CommonInterceptor - HTTPMethod		::::::		GET
02:48:37.577 [http-nio-80-exec-1] INFO  k.c.interceptor.CommonInterceptor - URI			    ::::::		/userLogin/userLogin
02:48:37.578 [http-nio-80-exec-1] INFO  k.c.interceptor.CommonInterceptor - CLIENT IP		::::::		0:0:0:0:0:0:0:1
02:48:37.578 [http-nio-80-exec-1] INFO  k.c.interceptor.CommonInterceptor - Parameter		::::::		
02:48:37.578 [http-nio-80-exec-1] INFO  k.c.interceptor.CommonInterceptor - ACCESS INFO======================================================
02:48:40.020 [http-nio-80-exec-8] INFO  k.c.interceptor.CommonInterceptor - ACCESS INFO======================================================
02:48:40.020 [http-nio-80-exec-8] INFO  k.c.interceptor.CommonInterceptor - PORT		    ::::::		80
02:48:40.020 [http-nio-80-exec-8] INFO  k.c.interceptor.CommonInterceptor - ServerName		::::::		localhost
02:48:40.021 [http-nio-80-exec-8] INFO  k.c.interceptor.CommonInterceptor - HTTPMethod		::::::		GET
02:48:40.021 [http-nio-80-exec-8] INFO  k.c.interceptor.CommonInterceptor - URI			    ::::::		/userLogin/fakeLoginUser
02:48:40.021 [http-nio-80-exec-8] INFO  k.c.interceptor.CommonInterceptor - CLIENT IP		::::::		0:0:0:0:0:0:0:1
02:48:40.021 [http-nio-80-exec-8] INFO  k.c.interceptor.CommonInterceptor - Parameter		::::::		
02:48:40.021 [http-nio-80-exec-8] INFO  k.c.interceptor.CommonInterceptor - ACCESS INFO======================================================
02:48:40.028 [http-nio-80-exec-1] INFO  k.c.interceptor.CommonInterceptor - ACCESS INFO======================================================
02:48:40.028 [http-nio-80-exec-1] INFO  k.c.interceptor.CommonInterceptor - PORT		    ::::::		80
02:48:40.028 [http-nio-80-exec-1] INFO  k.c.interceptor.CommonInterceptor - ServerName		::::::		localhost
02:48:40.028 [http-nio-80-exec-1] INFO  k.c.interceptor.CommonInterceptor - HTTPMethod		::::::		GET
02:48:40.028 [http-nio-80-exec-1] INFO  k.c.interceptor.CommonInterceptor - URI			    ::::::		/index
02:48:40.028 [http-nio-80-exec-1] INFO  k.c.interceptor.CommonInterceptor - CLIENT IP		::::::		0:0:0:0:0:0:0:1
02:48:40.028 [http-nio-80-exec-1] INFO  k.c.interceptor.CommonInterceptor - Parameter		::::::		
02:48:40.028 [http-nio-80-exec-1] INFO  k.c.interceptor.CommonInterceptor - ACCESS INFO======================================================
02:57:49.579 [restartedMain] INFO  ks47team01.Ks47team01Application - Starting Ks47team01Application using Java 17.0.6 with PID 89416 (/Users/kimjunsu/ks47team01_2/ks47team01_01/ks47team01/target/classes started by kimjunsu in /Users/kimjunsu/ks47team01_2/ks47team01_01)
02:57:49.580 [restartedMain] INFO  ks47team01.Ks47team01Application - No active profile set, falling back to 1 default profile: "default"
02:57:49.680 [restartedMain] INFO  o.s.b.d.e.DevToolsPropertyDefaultsPostProcessor - Devtools property defaults active! Set 'spring.devtools.add-properties' to 'false' to disable
02:57:49.680 [restartedMain] INFO  o.s.b.d.e.DevToolsPropertyDefaultsPostProcessor - For additional web related logging consider setting the 'logging.level.web' property to 'DEBUG'
02:57:49.952 [restartedMain] INFO  o.s.d.r.c.RepositoryConfigurationDelegate - Bootstrapping Spring Data JDBC repositories in DEFAULT mode.
02:57:49.958 [restartedMain] INFO  o.s.d.r.c.RepositoryConfigurationDelegate - Finished Spring Data repository scanning in 4 ms. Found 0 JDBC repository interfaces.
02:57:50.168 [restartedMain] INFO  o.s.b.w.e.tomcat.TomcatWebServer - Tomcat initialized with port(s): 80 (http)
02:57:50.199 [restartedMain] INFO  o.s.b.w.s.c.ServletWebServerApplicationContext - Root WebApplicationContext: initialization completed in 517 ms
02:57:51.159 [restartedMain] INFO  o.s.b.d.a.OptionalLiveReloadServer - LiveReload server is running on port 35729
02:57:51.176 [restartedMain] INFO  o.s.b.w.e.tomcat.TomcatWebServer - Tomcat started on port(s): 80 (http) with context path ''
02:57:51.183 [restartedMain] INFO  ks47team01.Ks47team01Application - Started Ks47team01Application in 1.789 seconds (process running for 2.029)
