09:13:03.173 [restartedMain] INFO  ks47team01.Ks47team01Application - Starting Ks47team01Application using Java 17.0.7 with PID 19140 (C:\Users\ASUS\git\ks47team01\ks47team01\target\classes started by ASUS in C:\Users\ASUS\git\ks47team01\ks47team01)
09:13:03.176 [restartedMain] INFO  ks47team01.Ks47team01Application - No active profile set, falling back to 1 default profile: "default"
09:13:03.341 [restartedMain] INFO  o.s.b.d.e.DevToolsPropertyDefaultsPostProcessor - Devtools property defaults active! Set 'spring.devtools.add-properties' to 'false' to disable
09:13:03.341 [restartedMain] INFO  o.s.b.d.e.DevToolsPropertyDefaultsPostProcessor - For additional web related logging consider setting the 'logging.level.web' property to 'DEBUG'
09:13:03.898 [restartedMain] INFO  o.s.d.r.c.RepositoryConfigurationDelegate - Bootstrapping Spring Data JDBC repositories in DEFAULT mode.
09:13:03.912 [restartedMain] INFO  o.s.d.r.c.RepositoryConfigurationDelegate - Finished Spring Data repository scanning in 8 ms. Found 0 JDBC repository interfaces.
09:13:04.372 [restartedMain] INFO  o.s.b.w.e.tomcat.TomcatWebServer - Tomcat initialized with port(s): 80 (http)
09:13:04.439 [restartedMain] INFO  o.s.b.w.s.c.ServletWebServerApplicationContext - Root WebApplicationContext: initialization completed in 1098 ms
09:13:06.816 [restartedMain] INFO  o.s.b.d.a.OptionalLiveReloadServer - LiveReload server is running on port 35729
09:13:06.846 [restartedMain] INFO  o.s.b.w.e.tomcat.TomcatWebServer - Tomcat started on port(s): 80 (http) with context path ''
09:13:06.853 [restartedMain] INFO  ks47team01.Ks47team01Application - Started Ks47team01Application in 4.015 seconds (process running for 4.533)
09:13:10.288 [http-nio-80-exec-1] INFO  o.s.web.servlet.DispatcherServlet - Initializing Servlet 'dispatcherServlet'
09:13:10.289 [http-nio-80-exec-1] INFO  o.s.web.servlet.DispatcherServlet - Completed initialization in 1 ms
09:13:10.305 [http-nio-80-exec-1] INFO  k.c.interceptor.CommonInterceptor - ACCESS INFO======================================================
09:13:10.305 [http-nio-80-exec-1] INFO  k.c.interceptor.CommonInterceptor - PORT		    ::::::		80
09:13:10.306 [http-nio-80-exec-1] INFO  k.c.interceptor.CommonInterceptor - ServerName		::::::		localhost
09:13:10.306 [http-nio-80-exec-1] INFO  k.c.interceptor.CommonInterceptor - HTTPMethod		::::::		GET
09:13:10.306 [http-nio-80-exec-1] INFO  k.c.interceptor.CommonInterceptor - URI			    ::::::		/
09:13:10.306 [http-nio-80-exec-1] INFO  k.c.interceptor.CommonInterceptor - CLIENT IP		::::::		0:0:0:0:0:0:0:1
09:13:10.306 [http-nio-80-exec-1] INFO  k.c.interceptor.CommonInterceptor - Parameter		::::::		
09:13:10.306 [http-nio-80-exec-1] INFO  k.c.interceptor.CommonInterceptor - ACCESS INFO======================================================
09:13:11.257 [http-nio-80-exec-10] INFO  k.c.interceptor.CommonInterceptor - ACCESS INFO======================================================
09:13:11.257 [http-nio-80-exec-10] INFO  k.c.interceptor.CommonInterceptor - PORT		    ::::::		80
09:13:11.257 [http-nio-80-exec-10] INFO  k.c.interceptor.CommonInterceptor - ServerName		::::::		localhost
09:13:11.257 [http-nio-80-exec-10] INFO  k.c.interceptor.CommonInterceptor - HTTPMethod		::::::		GET
09:13:11.257 [http-nio-80-exec-10] INFO  k.c.interceptor.CommonInterceptor - URI			    ::::::		/favicon.ico
09:13:11.257 [http-nio-80-exec-10] INFO  k.c.interceptor.CommonInterceptor - CLIENT IP		::::::		0:0:0:0:0:0:0:1
09:13:11.258 [http-nio-80-exec-10] INFO  k.c.interceptor.CommonInterceptor - Parameter		::::::		
09:13:11.258 [http-nio-80-exec-10] INFO  k.c.interceptor.CommonInterceptor - ACCESS INFO======================================================
09:13:11.263 [http-nio-80-exec-10] INFO  k.c.interceptor.CommonInterceptor - ACCESS INFO======================================================
09:13:11.263 [http-nio-80-exec-10] INFO  k.c.interceptor.CommonInterceptor - PORT		    ::::::		80
09:13:11.263 [http-nio-80-exec-10] INFO  k.c.interceptor.CommonInterceptor - ServerName		::::::		localhost
09:13:11.263 [http-nio-80-exec-10] INFO  k.c.interceptor.CommonInterceptor - HTTPMethod		::::::		GET
09:13:11.263 [http-nio-80-exec-10] INFO  k.c.interceptor.CommonInterceptor - URI			    ::::::		/error
09:13:11.263 [http-nio-80-exec-10] INFO  k.c.interceptor.CommonInterceptor - CLIENT IP		::::::		0:0:0:0:0:0:0:1
09:13:11.263 [http-nio-80-exec-10] INFO  k.c.interceptor.CommonInterceptor - Parameter		::::::		
09:13:11.263 [http-nio-80-exec-10] INFO  k.c.interceptor.CommonInterceptor - ACCESS INFO======================================================
09:13:12.818 [http-nio-80-exec-2] INFO  k.c.interceptor.CommonInterceptor - ACCESS INFO======================================================
09:13:12.818 [http-nio-80-exec-2] INFO  k.c.interceptor.CommonInterceptor - PORT		    ::::::		80
09:13:12.818 [http-nio-80-exec-2] INFO  k.c.interceptor.CommonInterceptor - ServerName		::::::		localhost
09:13:12.818 [http-nio-80-exec-2] INFO  k.c.interceptor.CommonInterceptor - HTTPMethod		::::::		GET
09:13:12.818 [http-nio-80-exec-2] INFO  k.c.interceptor.CommonInterceptor - URI			    ::::::		/userLogin/userLogin
09:13:12.818 [http-nio-80-exec-2] INFO  k.c.interceptor.CommonInterceptor - CLIENT IP		::::::		0:0:0:0:0:0:0:1
09:13:12.818 [http-nio-80-exec-2] INFO  k.c.interceptor.CommonInterceptor - Parameter		::::::		
09:13:12.818 [http-nio-80-exec-2] INFO  k.c.interceptor.CommonInterceptor - ACCESS INFO======================================================
09:14:10.087 [File Watcher] INFO  o.s.b.d.a.LocalDevToolsAutoConfiguration$RestartingClassPathChangeChangedEventListener - Restarting due to 4 class path changes (0 additions, 0 deletions, 4 modifications)
09:14:10.251 [restartedMain] INFO  ks47team01.Ks47team01Application - Starting Ks47team01Application using Java 17.0.7 with PID 19140 (C:\Users\ASUS\git\ks47team01\ks47team01\target\classes started by ASUS in C:\Users\ASUS\git\ks47team01\ks47team01)
09:14:10.252 [restartedMain] INFO  ks47team01.Ks47team01Application - No active profile set, falling back to 1 default profile: "default"
09:14:10.423 [restartedMain] INFO  o.s.d.r.c.RepositoryConfigurationDelegate - Bootstrapping Spring Data JDBC repositories in DEFAULT mode.
09:14:10.426 [restartedMain] INFO  o.s.d.r.c.RepositoryConfigurationDelegate - Finished Spring Data repository scanning in 3 ms. Found 0 JDBC repository interfaces.
09:14:10.482 [restartedMain] INFO  o.s.b.w.e.tomcat.TomcatWebServer - Tomcat initialized with port(s): 80 (http)
09:14:10.499 [restartedMain] INFO  o.s.b.w.s.c.ServletWebServerApplicationContext - Root WebApplicationContext: initialization completed in 246 ms
09:14:10.763 [restartedMain] INFO  o.s.b.d.a.OptionalLiveReloadServer - LiveReload server is running on port 35729
09:14:10.773 [restartedMain] INFO  o.s.b.w.e.tomcat.TomcatWebServer - Tomcat started on port(s): 80 (http) with context path ''
09:14:10.776 [restartedMain] INFO  ks47team01.Ks47team01Application - Started Ks47team01Application in 0.549 seconds (process running for 68.455)
09:14:10.779 [restartedMain] INFO  o.s.b.d.a.ConditionEvaluationDeltaLoggingListener - Condition evaluation unchanged
09:14:12.519 [http-nio-80-exec-1] INFO  o.s.web.servlet.DispatcherServlet - Initializing Servlet 'dispatcherServlet'
09:14:12.520 [http-nio-80-exec-1] INFO  o.s.web.servlet.DispatcherServlet - Completed initialization in 1 ms
09:14:12.521 [http-nio-80-exec-1] INFO  k.c.interceptor.CommonInterceptor - ACCESS INFO======================================================
09:14:12.521 [http-nio-80-exec-1] INFO  k.c.interceptor.CommonInterceptor - PORT		    ::::::		80
09:14:12.521 [http-nio-80-exec-1] INFO  k.c.interceptor.CommonInterceptor - ServerName		::::::		localhost
09:14:12.521 [http-nio-80-exec-1] INFO  k.c.interceptor.CommonInterceptor - HTTPMethod		::::::		GET
09:14:12.521 [http-nio-80-exec-1] INFO  k.c.interceptor.CommonInterceptor - URI			    ::::::		/userLogin/userLogin
09:14:12.521 [http-nio-80-exec-1] INFO  k.c.interceptor.CommonInterceptor - CLIENT IP		::::::		0:0:0:0:0:0:0:1
09:14:12.521 [http-nio-80-exec-1] INFO  k.c.interceptor.CommonInterceptor - Parameter		::::::		
09:14:12.522 [http-nio-80-exec-1] INFO  k.c.interceptor.CommonInterceptor - ACCESS INFO======================================================
09:14:13.634 [http-nio-80-exec-10] INFO  k.c.interceptor.CommonInterceptor - ACCESS INFO======================================================
09:14:13.634 [http-nio-80-exec-10] INFO  k.c.interceptor.CommonInterceptor - PORT		    ::::::		80
09:14:13.634 [http-nio-80-exec-10] INFO  k.c.interceptor.CommonInterceptor - ServerName		::::::		localhost
09:14:13.634 [http-nio-80-exec-10] INFO  k.c.interceptor.CommonInterceptor - HTTPMethod		::::::		GET
09:14:13.634 [http-nio-80-exec-10] INFO  k.c.interceptor.CommonInterceptor - URI			    ::::::		/userAdd/userAddForm
09:14:13.634 [http-nio-80-exec-10] INFO  k.c.interceptor.CommonInterceptor - CLIENT IP		::::::		0:0:0:0:0:0:0:1
09:14:13.634 [http-nio-80-exec-10] INFO  k.c.interceptor.CommonInterceptor - Parameter		::::::		
09:14:13.634 [http-nio-80-exec-10] INFO  k.c.interceptor.CommonInterceptor - ACCESS INFO======================================================
09:14:50.343 [http-nio-80-exec-2] INFO  k.c.interceptor.CommonInterceptor - ACCESS INFO======================================================
09:14:50.343 [http-nio-80-exec-2] INFO  k.c.interceptor.CommonInterceptor - PORT		    ::::::		80
09:14:50.343 [http-nio-80-exec-2] INFO  k.c.interceptor.CommonInterceptor - ServerName		::::::		localhost
09:14:50.343 [http-nio-80-exec-2] INFO  k.c.interceptor.CommonInterceptor - HTTPMethod		::::::		POST
09:14:50.343 [http-nio-80-exec-2] INFO  k.c.interceptor.CommonInterceptor - URI			    ::::::		/userAdd/userIdCheck
09:14:50.343 [http-nio-80-exec-2] INFO  k.c.interceptor.CommonInterceptor - CLIENT IP		::::::		0:0:0:0:0:0:0:1
09:14:50.343 [http-nio-80-exec-2] INFO  k.c.interceptor.CommonInterceptor - Parameter		::::::		urbanfarmerId : park01
09:14:50.343 [http-nio-80-exec-2] INFO  k.c.interceptor.CommonInterceptor - ACCESS INFO======================================================
09:14:50.346 [http-nio-80-exec-2] INFO  k.user.controller.UserAddController - id 중복체크: park01
09:14:50.441 [http-nio-80-exec-2] INFO  k.user.controller.UserAddController - id 중복체크 결과: false
09:14:52.852 [http-nio-80-exec-3] INFO  k.c.interceptor.CommonInterceptor - ACCESS INFO======================================================
09:14:52.853 [http-nio-80-exec-3] INFO  k.c.interceptor.CommonInterceptor - PORT		    ::::::		80
09:14:52.853 [http-nio-80-exec-3] INFO  k.c.interceptor.CommonInterceptor - ServerName		::::::		localhost
09:14:52.853 [http-nio-80-exec-3] INFO  k.c.interceptor.CommonInterceptor - HTTPMethod		::::::		POST
09:14:52.853 [http-nio-80-exec-3] INFO  k.c.interceptor.CommonInterceptor - URI			    ::::::		/userAdd/userAddForm
09:14:52.853 [http-nio-80-exec-3] INFO  k.c.interceptor.CommonInterceptor - CLIENT IP		::::::		0:0:0:0:0:0:0:1
09:14:52.853 [http-nio-80-exec-3] INFO  k.c.interceptor.CommonInterceptor - Parameter		::::::		urbanfarmerId : park01, urbanfarmerPw : park01, urbanfarmerName : park, urbanfarmerEmail : park01@gmail.com, urbanfarmerPhone : 01012341234, urbanfarmerSmsCheck : y, urbanfarmerEmailCheck : y
09:14:52.853 [http-nio-80-exec-3] INFO  k.c.interceptor.CommonInterceptor - ACCESS INFO======================================================
09:14:52.930 [http-nio-80-exec-8] INFO  k.c.interceptor.CommonInterceptor - ACCESS INFO======================================================
09:14:52.930 [http-nio-80-exec-8] INFO  k.c.interceptor.CommonInterceptor - PORT		    ::::::		80
09:14:52.930 [http-nio-80-exec-8] INFO  k.c.interceptor.CommonInterceptor - ServerName		::::::		localhost
09:14:52.930 [http-nio-80-exec-8] INFO  k.c.interceptor.CommonInterceptor - HTTPMethod		::::::		GET
09:14:52.930 [http-nio-80-exec-8] INFO  k.c.interceptor.CommonInterceptor - URI			    ::::::		/
09:14:52.930 [http-nio-80-exec-8] INFO  k.c.interceptor.CommonInterceptor - CLIENT IP		::::::		0:0:0:0:0:0:0:1
09:14:52.930 [http-nio-80-exec-8] INFO  k.c.interceptor.CommonInterceptor - Parameter		::::::		
09:14:52.930 [http-nio-80-exec-8] INFO  k.c.interceptor.CommonInterceptor - ACCESS INFO======================================================
09:15:33.747 [http-nio-80-exec-6] INFO  k.c.interceptor.CommonInterceptor - ACCESS INFO======================================================
09:15:33.747 [http-nio-80-exec-6] INFO  k.c.interceptor.CommonInterceptor - PORT		    ::::::		80
09:15:33.747 [http-nio-80-exec-6] INFO  k.c.interceptor.CommonInterceptor - ServerName		::::::		localhost
09:15:33.747 [http-nio-80-exec-6] INFO  k.c.interceptor.CommonInterceptor - HTTPMethod		::::::		GET
09:15:33.747 [http-nio-80-exec-6] INFO  k.c.interceptor.CommonInterceptor - URI			    ::::::		/userLogin/userLogin
09:15:33.747 [http-nio-80-exec-6] INFO  k.c.interceptor.CommonInterceptor - CLIENT IP		::::::		0:0:0:0:0:0:0:1
09:15:33.747 [http-nio-80-exec-6] INFO  k.c.interceptor.CommonInterceptor - Parameter		::::::		
09:15:33.747 [http-nio-80-exec-6] INFO  k.c.interceptor.CommonInterceptor - ACCESS INFO======================================================
09:15:34.818 [http-nio-80-exec-3] INFO  k.c.interceptor.CommonInterceptor - ACCESS INFO======================================================
09:15:34.818 [http-nio-80-exec-3] INFO  k.c.interceptor.CommonInterceptor - PORT		    ::::::		80
09:15:34.818 [http-nio-80-exec-3] INFO  k.c.interceptor.CommonInterceptor - ServerName		::::::		localhost
09:15:34.818 [http-nio-80-exec-3] INFO  k.c.interceptor.CommonInterceptor - HTTPMethod		::::::		GET
09:15:34.818 [http-nio-80-exec-3] INFO  k.c.interceptor.CommonInterceptor - URI			    ::::::		/userAdd/userAddForm
09:15:34.818 [http-nio-80-exec-3] INFO  k.c.interceptor.CommonInterceptor - CLIENT IP		::::::		0:0:0:0:0:0:0:1
09:15:34.818 [http-nio-80-exec-3] INFO  k.c.interceptor.CommonInterceptor - Parameter		::::::		
09:15:34.818 [http-nio-80-exec-3] INFO  k.c.interceptor.CommonInterceptor - ACCESS INFO======================================================
09:15:36.974 [http-nio-80-exec-2] INFO  k.c.interceptor.CommonInterceptor - ACCESS INFO======================================================
09:15:36.974 [http-nio-80-exec-2] INFO  k.c.interceptor.CommonInterceptor - PORT		    ::::::		80
09:15:36.974 [http-nio-80-exec-2] INFO  k.c.interceptor.CommonInterceptor - ServerName		::::::		localhost
09:15:36.974 [http-nio-80-exec-2] INFO  k.c.interceptor.CommonInterceptor - HTTPMethod		::::::		POST
09:15:36.974 [http-nio-80-exec-2] INFO  k.c.interceptor.CommonInterceptor - URI			    ::::::		/userAdd/userIdCheck
09:15:36.974 [http-nio-80-exec-2] INFO  k.c.interceptor.CommonInterceptor - CLIENT IP		::::::		0:0:0:0:0:0:0:1
09:15:36.974 [http-nio-80-exec-2] INFO  k.c.interceptor.CommonInterceptor - Parameter		::::::		urbanfarmerId : park01
09:15:36.974 [http-nio-80-exec-2] INFO  k.c.interceptor.CommonInterceptor - ACCESS INFO======================================================
09:15:36.974 [http-nio-80-exec-2] INFO  k.user.controller.UserAddController - id 중복체크: park01
09:15:37.036 [http-nio-80-exec-2] INFO  k.user.controller.UserAddController - id 중복체크 결과: true
09:15:44.509 [http-nio-80-exec-1] INFO  k.c.interceptor.CommonInterceptor - ACCESS INFO======================================================
09:15:44.509 [http-nio-80-exec-1] INFO  k.c.interceptor.CommonInterceptor - PORT		    ::::::		80
09:15:44.509 [http-nio-80-exec-1] INFO  k.c.interceptor.CommonInterceptor - ServerName		::::::		localhost
09:15:44.509 [http-nio-80-exec-1] INFO  k.c.interceptor.CommonInterceptor - HTTPMethod		::::::		POST
09:15:44.509 [http-nio-80-exec-1] INFO  k.c.interceptor.CommonInterceptor - URI			    ::::::		/userAdd/userIdCheck
09:15:44.509 [http-nio-80-exec-1] INFO  k.c.interceptor.CommonInterceptor - CLIENT IP		::::::		0:0:0:0:0:0:0:1
09:15:44.509 [http-nio-80-exec-1] INFO  k.c.interceptor.CommonInterceptor - Parameter		::::::		urbanfarmerId : park01
09:15:44.510 [http-nio-80-exec-1] INFO  k.c.interceptor.CommonInterceptor - ACCESS INFO======================================================
09:15:44.510 [http-nio-80-exec-1] INFO  k.user.controller.UserAddController - id 중복체크: park01
09:15:44.560 [http-nio-80-exec-1] INFO  k.user.controller.UserAddController - id 중복체크 결과: true
09:15:46.910 [http-nio-80-exec-9] INFO  k.c.interceptor.CommonInterceptor - ACCESS INFO======================================================
09:15:46.910 [http-nio-80-exec-9] INFO  k.c.interceptor.CommonInterceptor - PORT		    ::::::		80
09:15:46.910 [http-nio-80-exec-9] INFO  k.c.interceptor.CommonInterceptor - ServerName		::::::		localhost
09:15:46.910 [http-nio-80-exec-9] INFO  k.c.interceptor.CommonInterceptor - HTTPMethod		::::::		GET
09:15:46.910 [http-nio-80-exec-9] INFO  k.c.interceptor.CommonInterceptor - URI			    ::::::		/userAdd/userAddForm
09:15:46.910 [http-nio-80-exec-9] INFO  k.c.interceptor.CommonInterceptor - CLIENT IP		::::::		0:0:0:0:0:0:0:1
09:15:46.910 [http-nio-80-exec-9] INFO  k.c.interceptor.CommonInterceptor - Parameter		::::::		
09:15:46.910 [http-nio-80-exec-9] INFO  k.c.interceptor.CommonInterceptor - ACCESS INFO======================================================
09:15:53.706 [http-nio-80-exec-9] INFO  k.c.interceptor.CommonInterceptor - ACCESS INFO======================================================
09:15:53.706 [http-nio-80-exec-9] INFO  k.c.interceptor.CommonInterceptor - PORT		    ::::::		80
09:15:53.706 [http-nio-80-exec-9] INFO  k.c.interceptor.CommonInterceptor - ServerName		::::::		localhost
09:15:53.706 [http-nio-80-exec-9] INFO  k.c.interceptor.CommonInterceptor - HTTPMethod		::::::		POST
09:15:53.706 [http-nio-80-exec-9] INFO  k.c.interceptor.CommonInterceptor - URI			    ::::::		/userAdd/userAddForm
09:15:53.706 [http-nio-80-exec-9] INFO  k.c.interceptor.CommonInterceptor - CLIENT IP		::::::		0:0:0:0:0:0:0:1
09:15:53.706 [http-nio-80-exec-9] INFO  k.c.interceptor.CommonInterceptor - Parameter		::::::		urbanfarmerId : , urbanfarmerPw : pw001, urbanfarmerName : park, urbanfarmerEmail : park01@gmail.com, urbanfarmerPhone : 01012341234, urbanfarmerSmsCheck : y, urbanfarmerEmailCheck : y
09:15:53.706 [http-nio-80-exec-9] INFO  k.c.interceptor.CommonInterceptor - ACCESS INFO======================================================
09:15:53.768 [http-nio-80-exec-3] INFO  k.c.interceptor.CommonInterceptor - ACCESS INFO======================================================
09:15:53.768 [http-nio-80-exec-3] INFO  k.c.interceptor.CommonInterceptor - PORT		    ::::::		80
09:15:53.768 [http-nio-80-exec-3] INFO  k.c.interceptor.CommonInterceptor - ServerName		::::::		localhost
09:15:53.768 [http-nio-80-exec-3] INFO  k.c.interceptor.CommonInterceptor - HTTPMethod		::::::		GET
09:15:53.768 [http-nio-80-exec-3] INFO  k.c.interceptor.CommonInterceptor - URI			    ::::::		/
09:15:53.768 [http-nio-80-exec-3] INFO  k.c.interceptor.CommonInterceptor - CLIENT IP		::::::		0:0:0:0:0:0:0:1
09:15:53.768 [http-nio-80-exec-3] INFO  k.c.interceptor.CommonInterceptor - Parameter		::::::		
09:15:53.768 [http-nio-80-exec-3] INFO  k.c.interceptor.CommonInterceptor - ACCESS INFO======================================================
09:16:03.383 [http-nio-80-exec-8] INFO  k.c.interceptor.CommonInterceptor - ACCESS INFO======================================================
09:16:03.384 [http-nio-80-exec-8] INFO  k.c.interceptor.CommonInterceptor - PORT		    ::::::		80
09:16:03.384 [http-nio-80-exec-8] INFO  k.c.interceptor.CommonInterceptor - ServerName		::::::		localhost
09:16:03.384 [http-nio-80-exec-8] INFO  k.c.interceptor.CommonInterceptor - HTTPMethod		::::::		GET
09:16:03.384 [http-nio-80-exec-8] INFO  k.c.interceptor.CommonInterceptor - URI			    ::::::		/userLogin/userLogin
09:16:03.384 [http-nio-80-exec-8] INFO  k.c.interceptor.CommonInterceptor - CLIENT IP		::::::		0:0:0:0:0:0:0:1
09:16:03.384 [http-nio-80-exec-8] INFO  k.c.interceptor.CommonInterceptor - Parameter		::::::		
09:16:03.384 [http-nio-80-exec-8] INFO  k.c.interceptor.CommonInterceptor - ACCESS INFO======================================================
09:16:04.841 [http-nio-80-exec-9] INFO  k.c.interceptor.CommonInterceptor - ACCESS INFO======================================================
09:16:04.842 [http-nio-80-exec-9] INFO  k.c.interceptor.CommonInterceptor - PORT		    ::::::		80
09:16:04.842 [http-nio-80-exec-9] INFO  k.c.interceptor.CommonInterceptor - ServerName		::::::		localhost
09:16:04.842 [http-nio-80-exec-9] INFO  k.c.interceptor.CommonInterceptor - HTTPMethod		::::::		GET
09:16:04.842 [http-nio-80-exec-9] INFO  k.c.interceptor.CommonInterceptor - URI			    ::::::		/userAdd/userAddForm
09:16:04.842 [http-nio-80-exec-9] INFO  k.c.interceptor.CommonInterceptor - CLIENT IP		::::::		0:0:0:0:0:0:0:1
09:16:04.842 [http-nio-80-exec-9] INFO  k.c.interceptor.CommonInterceptor - Parameter		::::::		
09:16:04.842 [http-nio-80-exec-9] INFO  k.c.interceptor.CommonInterceptor - ACCESS INFO======================================================
09:17:13.480 [http-nio-80-exec-9] INFO  k.c.interceptor.CommonInterceptor - ACCESS INFO======================================================
09:17:13.480 [http-nio-80-exec-9] INFO  k.c.interceptor.CommonInterceptor - PORT		    ::::::		80
09:17:13.480 [http-nio-80-exec-9] INFO  k.c.interceptor.CommonInterceptor - ServerName		::::::		localhost
09:17:13.480 [http-nio-80-exec-9] INFO  k.c.interceptor.CommonInterceptor - HTTPMethod		::::::		GET
09:17:13.480 [http-nio-80-exec-9] INFO  k.c.interceptor.CommonInterceptor - URI			    ::::::		/userAdd/userAddForm
09:17:13.480 [http-nio-80-exec-9] INFO  k.c.interceptor.CommonInterceptor - CLIENT IP		::::::		0:0:0:0:0:0:0:1
09:17:13.480 [http-nio-80-exec-9] INFO  k.c.interceptor.CommonInterceptor - Parameter		::::::		
09:17:13.480 [http-nio-80-exec-9] INFO  k.c.interceptor.CommonInterceptor - ACCESS INFO======================================================
09:18:56.902 [http-nio-80-exec-3] INFO  k.c.interceptor.CommonInterceptor - ACCESS INFO======================================================
09:18:56.903 [http-nio-80-exec-3] INFO  k.c.interceptor.CommonInterceptor - PORT		    ::::::		80
09:18:56.903 [http-nio-80-exec-3] INFO  k.c.interceptor.CommonInterceptor - ServerName		::::::		localhost
09:18:56.903 [http-nio-80-exec-3] INFO  k.c.interceptor.CommonInterceptor - HTTPMethod		::::::		GET
09:18:56.903 [http-nio-80-exec-3] INFO  k.c.interceptor.CommonInterceptor - URI			    ::::::		/userAdd/userAddForm
09:18:56.903 [http-nio-80-exec-3] INFO  k.c.interceptor.CommonInterceptor - CLIENT IP		::::::		0:0:0:0:0:0:0:1
09:18:56.903 [http-nio-80-exec-3] INFO  k.c.interceptor.CommonInterceptor - Parameter		::::::		
09:18:56.903 [http-nio-80-exec-3] INFO  k.c.interceptor.CommonInterceptor - ACCESS INFO======================================================
09:18:57.426 [http-nio-80-exec-6] INFO  k.c.interceptor.CommonInterceptor - ACCESS INFO======================================================
09:18:57.426 [http-nio-80-exec-6] INFO  k.c.interceptor.CommonInterceptor - PORT		    ::::::		80
09:18:57.426 [http-nio-80-exec-6] INFO  k.c.interceptor.CommonInterceptor - ServerName		::::::		localhost
09:18:57.426 [http-nio-80-exec-6] INFO  k.c.interceptor.CommonInterceptor - HTTPMethod		::::::		POST
09:18:57.426 [http-nio-80-exec-6] INFO  k.c.interceptor.CommonInterceptor - URI			    ::::::		/userAdd/userAddForm
09:18:57.426 [http-nio-80-exec-6] INFO  k.c.interceptor.CommonInterceptor - CLIENT IP		::::::		0:0:0:0:0:0:0:1
09:18:57.426 [http-nio-80-exec-6] INFO  k.c.interceptor.CommonInterceptor - Parameter		::::::		urbanfarmerId : , urbanfarmerPw : , urbanfarmerName : , urbanfarmerEmail : , urbanfarmerPhone : , urbanfarmerSmsCheck : y, urbanfarmerEmailCheck : y
09:18:57.426 [http-nio-80-exec-6] INFO  k.c.interceptor.CommonInterceptor - ACCESS INFO======================================================
09:18:57.489 [http-nio-80-exec-7] INFO  k.c.interceptor.CommonInterceptor - ACCESS INFO======================================================
09:18:57.489 [http-nio-80-exec-7] INFO  k.c.interceptor.CommonInterceptor - PORT		    ::::::		80
09:18:57.489 [http-nio-80-exec-7] INFO  k.c.interceptor.CommonInterceptor - ServerName		::::::		localhost
09:18:57.489 [http-nio-80-exec-7] INFO  k.c.interceptor.CommonInterceptor - HTTPMethod		::::::		GET
09:18:57.489 [http-nio-80-exec-7] INFO  k.c.interceptor.CommonInterceptor - URI			    ::::::		/
09:18:57.489 [http-nio-80-exec-7] INFO  k.c.interceptor.CommonInterceptor - CLIENT IP		::::::		0:0:0:0:0:0:0:1
09:18:57.489 [http-nio-80-exec-7] INFO  k.c.interceptor.CommonInterceptor - Parameter		::::::		
09:18:57.489 [http-nio-80-exec-7] INFO  k.c.interceptor.CommonInterceptor - ACCESS INFO======================================================
09:18:58.905 [http-nio-80-exec-6] INFO  k.c.interceptor.CommonInterceptor - ACCESS INFO======================================================
09:18:58.905 [http-nio-80-exec-6] INFO  k.c.interceptor.CommonInterceptor - PORT		    ::::::		80
09:18:58.905 [http-nio-80-exec-6] INFO  k.c.interceptor.CommonInterceptor - ServerName		::::::		localhost
09:18:58.905 [http-nio-80-exec-6] INFO  k.c.interceptor.CommonInterceptor - HTTPMethod		::::::		GET
09:18:58.905 [http-nio-80-exec-6] INFO  k.c.interceptor.CommonInterceptor - URI			    ::::::		/userLogin/userLogin
09:18:58.905 [http-nio-80-exec-6] INFO  k.c.interceptor.CommonInterceptor - CLIENT IP		::::::		0:0:0:0:0:0:0:1
09:18:58.905 [http-nio-80-exec-6] INFO  k.c.interceptor.CommonInterceptor - Parameter		::::::		
09:18:58.905 [http-nio-80-exec-6] INFO  k.c.interceptor.CommonInterceptor - ACCESS INFO======================================================
09:19:17.837 [http-nio-80-exec-1] INFO  k.c.interceptor.CommonInterceptor - ACCESS INFO======================================================
09:19:17.837 [http-nio-80-exec-1] INFO  k.c.interceptor.CommonInterceptor - PORT		    ::::::		80
09:19:17.837 [http-nio-80-exec-1] INFO  k.c.interceptor.CommonInterceptor - ServerName		::::::		localhost
09:19:17.837 [http-nio-80-exec-1] INFO  k.c.interceptor.CommonInterceptor - HTTPMethod		::::::		GET
09:19:17.837 [http-nio-80-exec-1] INFO  k.c.interceptor.CommonInterceptor - URI			    ::::::		/userLogin/userLogin
09:19:17.837 [http-nio-80-exec-1] INFO  k.c.interceptor.CommonInterceptor - CLIENT IP		::::::		0:0:0:0:0:0:0:1
09:19:17.837 [http-nio-80-exec-1] INFO  k.c.interceptor.CommonInterceptor - Parameter		::::::		
09:19:17.837 [http-nio-80-exec-1] INFO  k.c.interceptor.CommonInterceptor - ACCESS INFO======================================================
09:19:18.777 [http-nio-80-exec-10] INFO  k.c.interceptor.CommonInterceptor - ACCESS INFO======================================================
09:19:18.777 [http-nio-80-exec-10] INFO  k.c.interceptor.CommonInterceptor - PORT		    ::::::		80
09:19:18.777 [http-nio-80-exec-10] INFO  k.c.interceptor.CommonInterceptor - ServerName		::::::		localhost
09:19:18.777 [http-nio-80-exec-10] INFO  k.c.interceptor.CommonInterceptor - HTTPMethod		::::::		GET
09:19:18.777 [http-nio-80-exec-10] INFO  k.c.interceptor.CommonInterceptor - URI			    ::::::		/userAdd/userAddForm
09:19:18.777 [http-nio-80-exec-10] INFO  k.c.interceptor.CommonInterceptor - CLIENT IP		::::::		0:0:0:0:0:0:0:1
09:19:18.777 [http-nio-80-exec-10] INFO  k.c.interceptor.CommonInterceptor - Parameter		::::::		
09:19:18.777 [http-nio-80-exec-10] INFO  k.c.interceptor.CommonInterceptor - ACCESS INFO======================================================
09:19:19.005 [http-nio-80-exec-2] INFO  k.c.interceptor.CommonInterceptor - ACCESS INFO======================================================
09:19:19.006 [http-nio-80-exec-2] INFO  k.c.interceptor.CommonInterceptor - PORT		    ::::::		80
09:19:19.006 [http-nio-80-exec-2] INFO  k.c.interceptor.CommonInterceptor - ServerName		::::::		localhost
09:19:19.006 [http-nio-80-exec-2] INFO  k.c.interceptor.CommonInterceptor - HTTPMethod		::::::		GET
09:19:19.006 [http-nio-80-exec-2] INFO  k.c.interceptor.CommonInterceptor - URI			    ::::::		/userAdd/userAddForm
09:19:19.006 [http-nio-80-exec-2] INFO  k.c.interceptor.CommonInterceptor - CLIENT IP		::::::		0:0:0:0:0:0:0:1
09:19:19.006 [http-nio-80-exec-2] INFO  k.c.interceptor.CommonInterceptor - Parameter		::::::		
09:19:19.006 [http-nio-80-exec-2] INFO  k.c.interceptor.CommonInterceptor - ACCESS INFO======================================================
09:19:19.205 [http-nio-80-exec-2] INFO  k.c.interceptor.CommonInterceptor - ACCESS INFO======================================================
09:19:19.206 [http-nio-80-exec-2] INFO  k.c.interceptor.CommonInterceptor - PORT		    ::::::		80
09:19:19.206 [http-nio-80-exec-2] INFO  k.c.interceptor.CommonInterceptor - ServerName		::::::		localhost
09:19:19.206 [http-nio-80-exec-2] INFO  k.c.interceptor.CommonInterceptor - HTTPMethod		::::::		GET
09:19:19.206 [http-nio-80-exec-2] INFO  k.c.interceptor.CommonInterceptor - URI			    ::::::		/userAdd/userAddForm
09:19:19.206 [http-nio-80-exec-2] INFO  k.c.interceptor.CommonInterceptor - CLIENT IP		::::::		0:0:0:0:0:0:0:1
09:19:19.206 [http-nio-80-exec-2] INFO  k.c.interceptor.CommonInterceptor - Parameter		::::::		
09:19:19.206 [http-nio-80-exec-2] INFO  k.c.interceptor.CommonInterceptor - ACCESS INFO======================================================
09:20:14.854 [http-nio-80-exec-1] INFO  k.c.interceptor.CommonInterceptor - ACCESS INFO======================================================
09:20:14.854 [http-nio-80-exec-1] INFO  k.c.interceptor.CommonInterceptor - PORT		    ::::::		80
09:20:14.854 [http-nio-80-exec-1] INFO  k.c.interceptor.CommonInterceptor - ServerName		::::::		localhost
09:20:14.854 [http-nio-80-exec-1] INFO  k.c.interceptor.CommonInterceptor - HTTPMethod		::::::		POST
09:20:14.854 [http-nio-80-exec-1] INFO  k.c.interceptor.CommonInterceptor - URI			    ::::::		/userAdd/userIdCheck
09:20:14.855 [http-nio-80-exec-1] INFO  k.c.interceptor.CommonInterceptor - CLIENT IP		::::::		0:0:0:0:0:0:0:1
09:20:14.855 [http-nio-80-exec-1] INFO  k.c.interceptor.CommonInterceptor - Parameter		::::::		urbanfarmerId : id001
09:20:14.855 [http-nio-80-exec-1] INFO  k.c.interceptor.CommonInterceptor - ACCESS INFO======================================================
09:20:14.855 [http-nio-80-exec-1] INFO  k.user.controller.UserAddController - id 중복체크: id001
09:20:14.900 [http-nio-80-exec-1] INFO  k.user.controller.UserAddController - id 중복체크 결과: true
09:20:34.945 [http-nio-80-exec-10] INFO  k.c.interceptor.CommonInterceptor - ACCESS INFO======================================================
09:20:34.945 [http-nio-80-exec-10] INFO  k.c.interceptor.CommonInterceptor - PORT		    ::::::		80
09:20:34.945 [http-nio-80-exec-10] INFO  k.c.interceptor.CommonInterceptor - ServerName		::::::		localhost
09:20:34.945 [http-nio-80-exec-10] INFO  k.c.interceptor.CommonInterceptor - HTTPMethod		::::::		POST
09:20:34.945 [http-nio-80-exec-10] INFO  k.c.interceptor.CommonInterceptor - URI			    ::::::		/userAdd/userAddForm
09:20:34.945 [http-nio-80-exec-10] INFO  k.c.interceptor.CommonInterceptor - CLIENT IP		::::::		0:0:0:0:0:0:0:1
09:20:34.945 [http-nio-80-exec-10] INFO  k.c.interceptor.CommonInterceptor - Parameter		::::::		urbanfarmerId : id001, urbanfarmerPw : pw001, urbanfarmerName : park, urbanfarmerEmail : park01@gmail.com, urbanfarmerPhone : 01012341234, urbanfarmerSmsCheck : y, urbanfarmerEmailCheck : y
09:20:34.945 [http-nio-80-exec-10] INFO  k.c.interceptor.CommonInterceptor - ACCESS INFO======================================================
09:20:35.039 [http-nio-80-exec-10] ERROR o.a.c.c.C.[.[.[.[dispatcherServlet] - Servlet.service() for servlet [dispatcherServlet] in context with path [] threw exception [Request processing failed: org.springframework.dao.DuplicateKeyException: 
### Error updating database.  Cause: java.sql.SQLIntegrityConstraintViolationException: Duplicate entry 'id001' for key 'urbanfarmer.PRIMARY'
### The error may exist in file [C:\Users\ASUS\git\ks47team01\ks47team01\target\classes\mapper\Urbanfarmer.xml]
### The error may involve ks47team01.user.mapper.UrbanfarmerMapper.addUrbanfarmer-Inline
### The error occurred while setting parameters
### SQL: /* 유저 회원가입 */  INSERT INTO urbanfarmer   (urbanfarmer_id, urbanfarmer_pw, urbanfarmer_name, urbanfarmer_email, urbanfarmer_phone, urbanfarmer_sms_check, urbanfarmer_email_check, urbanfarmer_insert_reg_date, urbanfarmer_update_reg_date, urbanfarmer_drop_reg_date, urbanfarmer_drop_classification)  VALUES    (?, ?, ?, ?, ?, ?, ?, CURDATE(), NULL, NULL, '정상');
### Cause: java.sql.SQLIntegrityConstraintViolationException: Duplicate entry 'id001' for key 'urbanfarmer.PRIMARY'
; Duplicate entry 'id001' for key 'urbanfarmer.PRIMARY'] with root cause
java.sql.SQLIntegrityConstraintViolationException: Duplicate entry 'id001' for key 'urbanfarmer.PRIMARY'
	at com.mysql.cj.jdbc.exceptions.SQLError.createSQLException(SQLError.java:118)
	at com.mysql.cj.jdbc.exceptions.SQLExceptionsMapping.translateException(SQLExceptionsMapping.java:122)
	at com.mysql.cj.jdbc.ClientPreparedStatement.executeInternal(ClientPreparedStatement.java:916)
	at com.mysql.cj.jdbc.ClientPreparedStatement.execute(ClientPreparedStatement.java:354)
	at net.sf.log4jdbc.sql.jdbcapi.PreparedStatementSpy.execute(PreparedStatementSpy.java:443)
	at com.zaxxer.hikari.pool.ProxyPreparedStatement.execute(ProxyPreparedStatement.java:44)
	at com.zaxxer.hikari.pool.HikariProxyPreparedStatement.execute(HikariProxyPreparedStatement.java)
	at org.apache.ibatis.executor.statement.PreparedStatementHandler.update(PreparedStatementHandler.java:48)
	at org.apache.ibatis.executor.statement.RoutingStatementHandler.update(RoutingStatementHandler.java:75)
	at org.apache.ibatis.executor.SimpleExecutor.doUpdate(SimpleExecutor.java:50)
	at org.apache.ibatis.executor.BaseExecutor.update(BaseExecutor.java:117)
	at org.apache.ibatis.executor.CachingExecutor.update(CachingExecutor.java:76)
	at org.apache.ibatis.session.defaults.DefaultSqlSession.update(DefaultSqlSession.java:197)
	at org.apache.ibatis.session.defaults.DefaultSqlSession.insert(DefaultSqlSession.java:184)
	at java.base/jdk.internal.reflect.NativeMethodAccessorImpl.invoke0(Native Method)
	at java.base/jdk.internal.reflect.NativeMethodAccessorImpl.invoke(NativeMethodAccessorImpl.java:77)
	at java.base/jdk.internal.reflect.DelegatingMethodAccessorImpl.invoke(DelegatingMethodAccessorImpl.java:43)
	at java.base/java.lang.reflect.Method.invoke(Method.java:568)
	at org.mybatis.spring.SqlSessionTemplate$SqlSessionInterceptor.invoke(SqlSessionTemplate.java:425)
	at jdk.proxy2/jdk.proxy2.$Proxy70.insert(Unknown Source)
	at org.mybatis.spring.SqlSessionTemplate.insert(SqlSessionTemplate.java:272)
	at org.apache.ibatis.binding.MapperMethod.execute(MapperMethod.java:62)
	at org.apache.ibatis.binding.MapperProxy$PlainMethodInvoker.invoke(MapperProxy.java:142)
	at org.apache.ibatis.binding.MapperProxy.invoke(MapperProxy.java:86)
	at jdk.proxy5/jdk.proxy5.$Proxy95.addUrbanfarmer(Unknown Source)
	at ks47team01.user.service.UrbanfarmerService.addUrbanfarmer(UrbanfarmerService.java:66)
	at java.base/jdk.internal.reflect.NativeMethodAccessorImpl.invoke0(Native Method)
	at java.base/jdk.internal.reflect.NativeMethodAccessorImpl.invoke(NativeMethodAccessorImpl.java:77)
	at java.base/jdk.internal.reflect.DelegatingMethodAccessorImpl.invoke(DelegatingMethodAccessorImpl.java:43)
	at java.base/java.lang.reflect.Method.invoke(Method.java:568)
	at org.springframework.aop.support.AopUtils.invokeJoinpointUsingReflection(AopUtils.java:343)
	at org.springframework.aop.framework.ReflectiveMethodInvocation.invokeJoinpoint(ReflectiveMethodInvocation.java:196)
	at org.springframework.aop.framework.ReflectiveMethodInvocation.proceed(ReflectiveMethodInvocation.java:163)
	at org.springframework.aop.framework.CglibAopProxy$CglibMethodInvocation.proceed(CglibAopProxy.java:750)
	at org.springframework.transaction.interceptor.TransactionInterceptor$1.proceedWithInvocation(TransactionInterceptor.java:123)
	at org.springframework.transaction.interceptor.TransactionAspectSupport.invokeWithinTransaction(TransactionAspectSupport.java:391)
	at org.springframework.transaction.interceptor.TransactionInterceptor.invoke(TransactionInterceptor.java:119)
	at org.springframework.aop.framework.ReflectiveMethodInvocation.proceed(ReflectiveMethodInvocation.java:184)
	at org.springframework.aop.framework.CglibAopProxy$CglibMethodInvocation.proceed(CglibAopProxy.java:750)
	at org.springframework.aop.framework.CglibAopProxy$DynamicAdvisedInterceptor.intercept(CglibAopProxy.java:702)
	at ks47team01.user.service.UrbanfarmerService$$SpringCGLIB$$0.addUrbanfarmer(<generated>)
	at ks47team01.user.controller.UserAddController.userInsertAction(UserAddController.java:44)
	at java.base/jdk.internal.reflect.NativeMethodAccessorImpl.invoke0(Native Method)
	at java.base/jdk.internal.reflect.NativeMethodAccessorImpl.invoke(NativeMethodAccessorImpl.java:77)
	at java.base/jdk.internal.reflect.DelegatingMethodAccessorImpl.invoke(DelegatingMethodAccessorImpl.java:43)
	at java.base/java.lang.reflect.Method.invoke(Method.java:568)
	at org.springframework.web.method.support.InvocableHandlerMethod.doInvoke(InvocableHandlerMethod.java:207)
	at org.springframework.web.method.support.InvocableHandlerMethod.invokeForRequest(InvocableHandlerMethod.java:152)
	at org.springframework.web.servlet.mvc.method.annotation.ServletInvocableHandlerMethod.invokeAndHandle(ServletInvocableHandlerMethod.java:118)
	at org.springframework.web.servlet.mvc.method.annotation.RequestMappingHandlerAdapter.invokeHandlerMethod(RequestMappingHandlerAdapter.java:884)
	at org.springframework.web.servlet.mvc.method.annotation.RequestMappingHandlerAdapter.handleInternal(RequestMappingHandlerAdapter.java:797)
	at org.springframework.web.servlet.mvc.method.AbstractHandlerMethodAdapter.handle(AbstractHandlerMethodAdapter.java:87)
	at org.springframework.web.servlet.DispatcherServlet.doDispatch(DispatcherServlet.java:1081)
	at org.springframework.web.servlet.DispatcherServlet.doService(DispatcherServlet.java:974)
	at org.springframework.web.servlet.FrameworkServlet.processRequest(FrameworkServlet.java:1011)
	at org.springframework.web.servlet.FrameworkServlet.doPost(FrameworkServlet.java:914)
	at jakarta.servlet.http.HttpServlet.service(HttpServlet.java:590)
	at org.springframework.web.servlet.FrameworkServlet.service(FrameworkServlet.java:885)
	at jakarta.servlet.http.HttpServlet.service(HttpServlet.java:658)
	at org.apache.catalina.core.ApplicationFilterChain.internalDoFilter(ApplicationFilterChain.java:205)
	at org.apache.catalina.core.ApplicationFilterChain.doFilter(ApplicationFilterChain.java:149)
	at org.apache.tomcat.websocket.server.WsFilter.doFilter(WsFilter.java:51)
	at org.apache.catalina.core.ApplicationFilterChain.internalDoFilter(ApplicationFilterChain.java:174)
	at org.apache.catalina.core.ApplicationFilterChain.doFilter(ApplicationFilterChain.java:149)
	at org.springframework.web.filter.RequestContextFilter.doFilterInternal(RequestContextFilter.java:100)
	at org.springframework.web.filter.OncePerRequestFilter.doFilter(OncePerRequestFilter.java:116)
	at org.apache.catalina.core.ApplicationFilterChain.internalDoFilter(ApplicationFilterChain.java:174)
	at org.apache.catalina.core.ApplicationFilterChain.doFilter(ApplicationFilterChain.java:149)
	at org.springframework.web.filter.FormContentFilter.doFilterInternal(FormContentFilter.java:93)
	at org.springframework.web.filter.OncePerRequestFilter.doFilter(OncePerRequestFilter.java:116)
	at org.apache.catalina.core.ApplicationFilterChain.internalDoFilter(ApplicationFilterChain.java:174)
	at org.apache.catalina.core.ApplicationFilterChain.doFilter(ApplicationFilterChain.java:149)
	at org.springframework.web.filter.CharacterEncodingFilter.doFilterInternal(CharacterEncodingFilter.java:201)
	at org.springframework.web.filter.OncePerRequestFilter.doFilter(OncePerRequestFilter.java:116)
	at org.apache.catalina.core.ApplicationFilterChain.internalDoFilter(ApplicationFilterChain.java:174)
	at org.apache.catalina.core.ApplicationFilterChain.doFilter(ApplicationFilterChain.java:149)
	at org.apache.catalina.core.StandardWrapperValve.invoke(StandardWrapperValve.java:166)
	at org.apache.catalina.core.StandardContextValve.invoke(StandardContextValve.java:90)
	at org.apache.catalina.authenticator.AuthenticatorBase.invoke(AuthenticatorBase.java:482)
	at org.apache.catalina.core.StandardHostValve.invoke(StandardHostValve.java:115)
	at org.apache.catalina.valves.ErrorReportValve.invoke(ErrorReportValve.java:93)
	at org.apache.catalina.core.StandardEngineValve.invoke(StandardEngineValve.java:74)
	at org.apache.catalina.connector.CoyoteAdapter.service(CoyoteAdapter.java:341)
	at org.apache.coyote.http11.Http11Processor.service(Http11Processor.java:390)
	at org.apache.coyote.AbstractProcessorLight.process(AbstractProcessorLight.java:63)
	at org.apache.coyote.AbstractProtocol$ConnectionHandler.process(AbstractProtocol.java:894)
	at org.apache.tomcat.util.net.NioEndpoint$SocketProcessor.doRun(NioEndpoint.java:1741)
	at org.apache.tomcat.util.net.SocketProcessorBase.run(SocketProcessorBase.java:52)
	at org.apache.tomcat.util.threads.ThreadPoolExecutor.runWorker(ThreadPoolExecutor.java:1191)
	at org.apache.tomcat.util.threads.ThreadPoolExecutor$Worker.run(ThreadPoolExecutor.java:659)
	at org.apache.tomcat.util.threads.TaskThread$WrappingRunnable.run(TaskThread.java:61)
	at java.base/java.lang.Thread.run(Thread.java:833)
09:20:35.041 [http-nio-80-exec-10] INFO  k.c.interceptor.CommonInterceptor - ACCESS INFO======================================================
09:20:35.041 [http-nio-80-exec-10] INFO  k.c.interceptor.CommonInterceptor - PORT		    ::::::		80
09:20:35.041 [http-nio-80-exec-10] INFO  k.c.interceptor.CommonInterceptor - ServerName		::::::		localhost
09:20:35.041 [http-nio-80-exec-10] INFO  k.c.interceptor.CommonInterceptor - HTTPMethod		::::::		POST
09:20:35.041 [http-nio-80-exec-10] INFO  k.c.interceptor.CommonInterceptor - URI			    ::::::		/error
09:20:35.041 [http-nio-80-exec-10] INFO  k.c.interceptor.CommonInterceptor - CLIENT IP		::::::		0:0:0:0:0:0:0:1
09:20:35.041 [http-nio-80-exec-10] INFO  k.c.interceptor.CommonInterceptor - Parameter		::::::		urbanfarmerId : id001, urbanfarmerPw : pw001, urbanfarmerName : park, urbanfarmerEmail : park01@gmail.com, urbanfarmerPhone : 01012341234, urbanfarmerSmsCheck : y, urbanfarmerEmailCheck : y
09:20:35.041 [http-nio-80-exec-10] INFO  k.c.interceptor.CommonInterceptor - ACCESS INFO======================================================
09:22:58.855 [http-nio-80-exec-1] INFO  k.c.interceptor.CommonInterceptor - ACCESS INFO======================================================
09:22:58.856 [http-nio-80-exec-1] INFO  k.c.interceptor.CommonInterceptor - PORT		    ::::::		80
09:22:58.856 [http-nio-80-exec-1] INFO  k.c.interceptor.CommonInterceptor - ServerName		::::::		localhost
09:22:58.856 [http-nio-80-exec-1] INFO  k.c.interceptor.CommonInterceptor - HTTPMethod		::::::		GET
09:22:58.856 [http-nio-80-exec-1] INFO  k.c.interceptor.CommonInterceptor - URI			    ::::::		/userAdd/userAddForm
09:22:58.856 [http-nio-80-exec-1] INFO  k.c.interceptor.CommonInterceptor - CLIENT IP		::::::		0:0:0:0:0:0:0:1
09:22:58.856 [http-nio-80-exec-1] INFO  k.c.interceptor.CommonInterceptor - Parameter		::::::		
09:22:58.856 [http-nio-80-exec-1] INFO  k.c.interceptor.CommonInterceptor - ACCESS INFO======================================================
09:23:03.117 [http-nio-80-exec-4] INFO  k.c.interceptor.CommonInterceptor - ACCESS INFO======================================================
09:23:03.117 [http-nio-80-exec-4] INFO  k.c.interceptor.CommonInterceptor - PORT		    ::::::		80
09:23:03.117 [http-nio-80-exec-4] INFO  k.c.interceptor.CommonInterceptor - ServerName		::::::		localhost
09:23:03.117 [http-nio-80-exec-4] INFO  k.c.interceptor.CommonInterceptor - HTTPMethod		::::::		POST
09:23:03.117 [http-nio-80-exec-4] INFO  k.c.interceptor.CommonInterceptor - URI			    ::::::		/userAdd/userIdCheck
09:23:03.117 [http-nio-80-exec-4] INFO  k.c.interceptor.CommonInterceptor - CLIENT IP		::::::		0:0:0:0:0:0:0:1
09:23:03.117 [http-nio-80-exec-4] INFO  k.c.interceptor.CommonInterceptor - Parameter		::::::		urbanfarmerId : id001
09:23:03.117 [http-nio-80-exec-4] INFO  k.c.interceptor.CommonInterceptor - ACCESS INFO======================================================
09:23:03.117 [http-nio-80-exec-4] INFO  k.user.controller.UserAddController - id 중복체크: id001
09:23:03.164 [http-nio-80-exec-4] INFO  k.user.controller.UserAddController - id 중복체크 결과: true
09:23:12.873 [http-nio-80-exec-9] INFO  k.c.interceptor.CommonInterceptor - ACCESS INFO======================================================
09:23:12.873 [http-nio-80-exec-9] INFO  k.c.interceptor.CommonInterceptor - PORT		    ::::::		80
09:23:12.873 [http-nio-80-exec-9] INFO  k.c.interceptor.CommonInterceptor - ServerName		::::::		localhost
09:23:12.873 [http-nio-80-exec-9] INFO  k.c.interceptor.CommonInterceptor - HTTPMethod		::::::		POST
09:23:12.873 [http-nio-80-exec-9] INFO  k.c.interceptor.CommonInterceptor - URI			    ::::::		/userAdd/userAddForm
09:23:12.873 [http-nio-80-exec-9] INFO  k.c.interceptor.CommonInterceptor - CLIENT IP		::::::		0:0:0:0:0:0:0:1
09:23:12.873 [http-nio-80-exec-9] INFO  k.c.interceptor.CommonInterceptor - Parameter		::::::		urbanfarmerId : id001, urbanfarmerPw : pw001, urbanfarmerName : park, urbanfarmerEmail : park01@gmail.com, urbanfarmerPhone : 01012341234, urbanfarmerSmsCheck : y, urbanfarmerEmailCheck : y
09:23:12.873 [http-nio-80-exec-9] INFO  k.c.interceptor.CommonInterceptor - ACCESS INFO======================================================
09:23:12.931 [http-nio-80-exec-9] ERROR o.a.c.c.C.[.[.[.[dispatcherServlet] - Servlet.service() for servlet [dispatcherServlet] in context with path [] threw exception [Request processing failed: org.springframework.dao.DuplicateKeyException: 
### Error updating database.  Cause: java.sql.SQLIntegrityConstraintViolationException: Duplicate entry 'id001' for key 'urbanfarmer.PRIMARY'
### The error may exist in file [C:\Users\ASUS\git\ks47team01\ks47team01\target\classes\mapper\Urbanfarmer.xml]
### The error may involve ks47team01.user.mapper.UrbanfarmerMapper.addUrbanfarmer-Inline
### The error occurred while setting parameters
### SQL: /* 유저 회원가입 */  INSERT INTO urbanfarmer   (urbanfarmer_id, urbanfarmer_pw, urbanfarmer_name, urbanfarmer_email, urbanfarmer_phone, urbanfarmer_sms_check, urbanfarmer_email_check, urbanfarmer_insert_reg_date, urbanfarmer_update_reg_date, urbanfarmer_drop_reg_date, urbanfarmer_drop_classification)  VALUES    (?, ?, ?, ?, ?, ?, ?, CURDATE(), NULL, NULL, '정상');
### Cause: java.sql.SQLIntegrityConstraintViolationException: Duplicate entry 'id001' for key 'urbanfarmer.PRIMARY'
; Duplicate entry 'id001' for key 'urbanfarmer.PRIMARY'] with root cause
java.sql.SQLIntegrityConstraintViolationException: Duplicate entry 'id001' for key 'urbanfarmer.PRIMARY'
	at com.mysql.cj.jdbc.exceptions.SQLError.createSQLException(SQLError.java:118)
	at com.mysql.cj.jdbc.exceptions.SQLExceptionsMapping.translateException(SQLExceptionsMapping.java:122)
	at com.mysql.cj.jdbc.ClientPreparedStatement.executeInternal(ClientPreparedStatement.java:916)
	at com.mysql.cj.jdbc.ClientPreparedStatement.execute(ClientPreparedStatement.java:354)
	at net.sf.log4jdbc.sql.jdbcapi.PreparedStatementSpy.execute(PreparedStatementSpy.java:443)
	at com.zaxxer.hikari.pool.ProxyPreparedStatement.execute(ProxyPreparedStatement.java:44)
	at com.zaxxer.hikari.pool.HikariProxyPreparedStatement.execute(HikariProxyPreparedStatement.java)
	at org.apache.ibatis.executor.statement.PreparedStatementHandler.update(PreparedStatementHandler.java:48)
	at org.apache.ibatis.executor.statement.RoutingStatementHandler.update(RoutingStatementHandler.java:75)
	at org.apache.ibatis.executor.SimpleExecutor.doUpdate(SimpleExecutor.java:50)
	at org.apache.ibatis.executor.BaseExecutor.update(BaseExecutor.java:117)
	at org.apache.ibatis.executor.CachingExecutor.update(CachingExecutor.java:76)
	at org.apache.ibatis.session.defaults.DefaultSqlSession.update(DefaultSqlSession.java:197)
	at org.apache.ibatis.session.defaults.DefaultSqlSession.insert(DefaultSqlSession.java:184)
	at java.base/jdk.internal.reflect.NativeMethodAccessorImpl.invoke0(Native Method)
	at java.base/jdk.internal.reflect.NativeMethodAccessorImpl.invoke(NativeMethodAccessorImpl.java:77)
	at java.base/jdk.internal.reflect.DelegatingMethodAccessorImpl.invoke(DelegatingMethodAccessorImpl.java:43)
	at java.base/java.lang.reflect.Method.invoke(Method.java:568)
	at org.mybatis.spring.SqlSessionTemplate$SqlSessionInterceptor.invoke(SqlSessionTemplate.java:425)
	at jdk.proxy2/jdk.proxy2.$Proxy70.insert(Unknown Source)
	at org.mybatis.spring.SqlSessionTemplate.insert(SqlSessionTemplate.java:272)
	at org.apache.ibatis.binding.MapperMethod.execute(MapperMethod.java:62)
	at org.apache.ibatis.binding.MapperProxy$PlainMethodInvoker.invoke(MapperProxy.java:142)
	at org.apache.ibatis.binding.MapperProxy.invoke(MapperProxy.java:86)
	at jdk.proxy5/jdk.proxy5.$Proxy95.addUrbanfarmer(Unknown Source)
	at ks47team01.user.service.UrbanfarmerService.addUrbanfarmer(UrbanfarmerService.java:66)
	at java.base/jdk.internal.reflect.NativeMethodAccessorImpl.invoke0(Native Method)
	at java.base/jdk.internal.reflect.NativeMethodAccessorImpl.invoke(NativeMethodAccessorImpl.java:77)
	at java.base/jdk.internal.reflect.DelegatingMethodAccessorImpl.invoke(DelegatingMethodAccessorImpl.java:43)
	at java.base/java.lang.reflect.Method.invoke(Method.java:568)
	at org.springframework.aop.support.AopUtils.invokeJoinpointUsingReflection(AopUtils.java:343)
	at org.springframework.aop.framework.ReflectiveMethodInvocation.invokeJoinpoint(ReflectiveMethodInvocation.java:196)
	at org.springframework.aop.framework.ReflectiveMethodInvocation.proceed(ReflectiveMethodInvocation.java:163)
	at org.springframework.aop.framework.CglibAopProxy$CglibMethodInvocation.proceed(CglibAopProxy.java:750)
	at org.springframework.transaction.interceptor.TransactionInterceptor$1.proceedWithInvocation(TransactionInterceptor.java:123)
	at org.springframework.transaction.interceptor.TransactionAspectSupport.invokeWithinTransaction(TransactionAspectSupport.java:391)
	at org.springframework.transaction.interceptor.TransactionInterceptor.invoke(TransactionInterceptor.java:119)
	at org.springframework.aop.framework.ReflectiveMethodInvocation.proceed(ReflectiveMethodInvocation.java:184)
	at org.springframework.aop.framework.CglibAopProxy$CglibMethodInvocation.proceed(CglibAopProxy.java:750)
	at org.springframework.aop.framework.CglibAopProxy$DynamicAdvisedInterceptor.intercept(CglibAopProxy.java:702)
	at ks47team01.user.service.UrbanfarmerService$$SpringCGLIB$$0.addUrbanfarmer(<generated>)
	at ks47team01.user.controller.UserAddController.userInsertAction(UserAddController.java:44)
	at java.base/jdk.internal.reflect.NativeMethodAccessorImpl.invoke0(Native Method)
	at java.base/jdk.internal.reflect.NativeMethodAccessorImpl.invoke(NativeMethodAccessorImpl.java:77)
	at java.base/jdk.internal.reflect.DelegatingMethodAccessorImpl.invoke(DelegatingMethodAccessorImpl.java:43)
	at java.base/java.lang.reflect.Method.invoke(Method.java:568)
	at org.springframework.web.method.support.InvocableHandlerMethod.doInvoke(InvocableHandlerMethod.java:207)
	at org.springframework.web.method.support.InvocableHandlerMethod.invokeForRequest(InvocableHandlerMethod.java:152)
	at org.springframework.web.servlet.mvc.method.annotation.ServletInvocableHandlerMethod.invokeAndHandle(ServletInvocableHandlerMethod.java:118)
	at org.springframework.web.servlet.mvc.method.annotation.RequestMappingHandlerAdapter.invokeHandlerMethod(RequestMappingHandlerAdapter.java:884)
	at org.springframework.web.servlet.mvc.method.annotation.RequestMappingHandlerAdapter.handleInternal(RequestMappingHandlerAdapter.java:797)
	at org.springframework.web.servlet.mvc.method.AbstractHandlerMethodAdapter.handle(AbstractHandlerMethodAdapter.java:87)
	at org.springframework.web.servlet.DispatcherServlet.doDispatch(DispatcherServlet.java:1081)
	at org.springframework.web.servlet.DispatcherServlet.doService(DispatcherServlet.java:974)
	at org.springframework.web.servlet.FrameworkServlet.processRequest(FrameworkServlet.java:1011)
	at org.springframework.web.servlet.FrameworkServlet.doPost(FrameworkServlet.java:914)
	at jakarta.servlet.http.HttpServlet.service(HttpServlet.java:590)
	at org.springframework.web.servlet.FrameworkServlet.service(FrameworkServlet.java:885)
	at jakarta.servlet.http.HttpServlet.service(HttpServlet.java:658)
	at org.apache.catalina.core.ApplicationFilterChain.internalDoFilter(ApplicationFilterChain.java:205)
	at org.apache.catalina.core.ApplicationFilterChain.doFilter(ApplicationFilterChain.java:149)
	at org.apache.tomcat.websocket.server.WsFilter.doFilter(WsFilter.java:51)
	at org.apache.catalina.core.ApplicationFilterChain.internalDoFilter(ApplicationFilterChain.java:174)
	at org.apache.catalina.core.ApplicationFilterChain.doFilter(ApplicationFilterChain.java:149)
	at org.springframework.web.filter.RequestContextFilter.doFilterInternal(RequestContextFilter.java:100)
	at org.springframework.web.filter.OncePerRequestFilter.doFilter(OncePerRequestFilter.java:116)
	at org.apache.catalina.core.ApplicationFilterChain.internalDoFilter(ApplicationFilterChain.java:174)
	at org.apache.catalina.core.ApplicationFilterChain.doFilter(ApplicationFilterChain.java:149)
	at org.springframework.web.filter.FormContentFilter.doFilterInternal(FormContentFilter.java:93)
	at org.springframework.web.filter.OncePerRequestFilter.doFilter(OncePerRequestFilter.java:116)
	at org.apache.catalina.core.ApplicationFilterChain.internalDoFilter(ApplicationFilterChain.java:174)
	at org.apache.catalina.core.ApplicationFilterChain.doFilter(ApplicationFilterChain.java:149)
	at org.springframework.web.filter.CharacterEncodingFilter.doFilterInternal(CharacterEncodingFilter.java:201)
	at org.springframework.web.filter.OncePerRequestFilter.doFilter(OncePerRequestFilter.java:116)
	at org.apache.catalina.core.ApplicationFilterChain.internalDoFilter(ApplicationFilterChain.java:174)
	at org.apache.catalina.core.ApplicationFilterChain.doFilter(ApplicationFilterChain.java:149)
	at org.apache.catalina.core.StandardWrapperValve.invoke(StandardWrapperValve.java:166)
	at org.apache.catalina.core.StandardContextValve.invoke(StandardContextValve.java:90)
	at org.apache.catalina.authenticator.AuthenticatorBase.invoke(AuthenticatorBase.java:482)
	at org.apache.catalina.core.StandardHostValve.invoke(StandardHostValve.java:115)
	at org.apache.catalina.valves.ErrorReportValve.invoke(ErrorReportValve.java:93)
	at org.apache.catalina.core.StandardEngineValve.invoke(StandardEngineValve.java:74)
	at org.apache.catalina.connector.CoyoteAdapter.service(CoyoteAdapter.java:341)
	at org.apache.coyote.http11.Http11Processor.service(Http11Processor.java:390)
	at org.apache.coyote.AbstractProcessorLight.process(AbstractProcessorLight.java:63)
	at org.apache.coyote.AbstractProtocol$ConnectionHandler.process(AbstractProtocol.java:894)
	at org.apache.tomcat.util.net.NioEndpoint$SocketProcessor.doRun(NioEndpoint.java:1741)
	at org.apache.tomcat.util.net.SocketProcessorBase.run(SocketProcessorBase.java:52)
	at org.apache.tomcat.util.threads.ThreadPoolExecutor.runWorker(ThreadPoolExecutor.java:1191)
	at org.apache.tomcat.util.threads.ThreadPoolExecutor$Worker.run(ThreadPoolExecutor.java:659)
	at org.apache.tomcat.util.threads.TaskThread$WrappingRunnable.run(TaskThread.java:61)
	at java.base/java.lang.Thread.run(Thread.java:833)
09:23:12.933 [http-nio-80-exec-9] INFO  k.c.interceptor.CommonInterceptor - ACCESS INFO======================================================
09:23:12.933 [http-nio-80-exec-9] INFO  k.c.interceptor.CommonInterceptor - PORT		    ::::::		80
09:23:12.933 [http-nio-80-exec-9] INFO  k.c.interceptor.CommonInterceptor - ServerName		::::::		localhost
09:23:12.933 [http-nio-80-exec-9] INFO  k.c.interceptor.CommonInterceptor - HTTPMethod		::::::		POST
09:23:12.933 [http-nio-80-exec-9] INFO  k.c.interceptor.CommonInterceptor - URI			    ::::::		/error
09:23:12.933 [http-nio-80-exec-9] INFO  k.c.interceptor.CommonInterceptor - CLIENT IP		::::::		0:0:0:0:0:0:0:1
09:23:12.933 [http-nio-80-exec-9] INFO  k.c.interceptor.CommonInterceptor - Parameter		::::::		urbanfarmerId : id001, urbanfarmerPw : pw001, urbanfarmerName : park, urbanfarmerEmail : park01@gmail.com, urbanfarmerPhone : 01012341234, urbanfarmerSmsCheck : y, urbanfarmerEmailCheck : y
09:23:12.933 [http-nio-80-exec-9] INFO  k.c.interceptor.CommonInterceptor - ACCESS INFO======================================================
09:23:19.229 [http-nio-80-exec-9] INFO  k.c.interceptor.CommonInterceptor - ACCESS INFO======================================================
09:23:19.230 [http-nio-80-exec-9] INFO  k.c.interceptor.CommonInterceptor - PORT		    ::::::		80
09:23:19.230 [http-nio-80-exec-9] INFO  k.c.interceptor.CommonInterceptor - ServerName		::::::		localhost
09:23:19.230 [http-nio-80-exec-9] INFO  k.c.interceptor.CommonInterceptor - HTTPMethod		::::::		POST
09:23:19.230 [http-nio-80-exec-9] INFO  k.c.interceptor.CommonInterceptor - URI			    ::::::		/userAdd/userIdCheck
09:23:19.230 [http-nio-80-exec-9] INFO  k.c.interceptor.CommonInterceptor - CLIENT IP		::::::		0:0:0:0:0:0:0:1
09:23:19.230 [http-nio-80-exec-9] INFO  k.c.interceptor.CommonInterceptor - Parameter		::::::		urbanfarmerId : id0012
09:23:19.230 [http-nio-80-exec-9] INFO  k.c.interceptor.CommonInterceptor - ACCESS INFO======================================================
09:23:19.230 [http-nio-80-exec-9] INFO  k.user.controller.UserAddController - id 중복체크: id0012
09:23:19.274 [http-nio-80-exec-9] INFO  k.user.controller.UserAddController - id 중복체크 결과: false
09:23:21.132 [http-nio-80-exec-7] INFO  k.c.interceptor.CommonInterceptor - ACCESS INFO======================================================
09:23:21.133 [http-nio-80-exec-7] INFO  k.c.interceptor.CommonInterceptor - PORT		    ::::::		80
09:23:21.133 [http-nio-80-exec-7] INFO  k.c.interceptor.CommonInterceptor - ServerName		::::::		localhost
09:23:21.133 [http-nio-80-exec-7] INFO  k.c.interceptor.CommonInterceptor - HTTPMethod		::::::		POST
09:23:21.133 [http-nio-80-exec-7] INFO  k.c.interceptor.CommonInterceptor - URI			    ::::::		/userAdd/userIdCheck
09:23:21.133 [http-nio-80-exec-7] INFO  k.c.interceptor.CommonInterceptor - CLIENT IP		::::::		0:0:0:0:0:0:0:1
09:23:21.133 [http-nio-80-exec-7] INFO  k.c.interceptor.CommonInterceptor - Parameter		::::::		urbanfarmerId : id0012
09:23:21.133 [http-nio-80-exec-7] INFO  k.c.interceptor.CommonInterceptor - ACCESS INFO======================================================
09:23:21.133 [http-nio-80-exec-7] INFO  k.user.controller.UserAddController - id 중복체크: id0012
09:23:21.178 [http-nio-80-exec-7] INFO  k.user.controller.UserAddController - id 중복체크 결과: false
09:23:44.543 [http-nio-80-exec-10] INFO  k.c.interceptor.CommonInterceptor - ACCESS INFO======================================================
09:23:44.543 [http-nio-80-exec-10] INFO  k.c.interceptor.CommonInterceptor - PORT		    ::::::		80
09:23:44.543 [http-nio-80-exec-10] INFO  k.c.interceptor.CommonInterceptor - ServerName		::::::		localhost
09:23:44.543 [http-nio-80-exec-10] INFO  k.c.interceptor.CommonInterceptor - HTTPMethod		::::::		GET
09:23:44.543 [http-nio-80-exec-10] INFO  k.c.interceptor.CommonInterceptor - URI			    ::::::		/userAdd/userAddForm
09:23:44.543 [http-nio-80-exec-10] INFO  k.c.interceptor.CommonInterceptor - CLIENT IP		::::::		0:0:0:0:0:0:0:1
09:23:44.543 [http-nio-80-exec-10] INFO  k.c.interceptor.CommonInterceptor - Parameter		::::::		
09:23:44.543 [http-nio-80-exec-10] INFO  k.c.interceptor.CommonInterceptor - ACCESS INFO======================================================
09:23:47.486 [http-nio-80-exec-8] INFO  k.c.interceptor.CommonInterceptor - ACCESS INFO======================================================
09:23:47.486 [http-nio-80-exec-8] INFO  k.c.interceptor.CommonInterceptor - PORT		    ::::::		80
09:23:47.486 [http-nio-80-exec-8] INFO  k.c.interceptor.CommonInterceptor - ServerName		::::::		localhost
09:23:47.486 [http-nio-80-exec-8] INFO  k.c.interceptor.CommonInterceptor - HTTPMethod		::::::		POST
09:23:47.486 [http-nio-80-exec-8] INFO  k.c.interceptor.CommonInterceptor - URI			    ::::::		/userAdd/userIdCheck
09:23:47.486 [http-nio-80-exec-8] INFO  k.c.interceptor.CommonInterceptor - CLIENT IP		::::::		0:0:0:0:0:0:0:1
09:23:47.486 [http-nio-80-exec-8] INFO  k.c.interceptor.CommonInterceptor - Parameter		::::::		urbanfarmerId : asd
09:23:47.486 [http-nio-80-exec-8] INFO  k.c.interceptor.CommonInterceptor - ACCESS INFO======================================================
09:23:47.486 [http-nio-80-exec-8] INFO  k.user.controller.UserAddController - id 중복체크: asd
09:23:47.530 [http-nio-80-exec-8] INFO  k.user.controller.UserAddController - id 중복체크 결과: false
09:24:36.942 [http-nio-80-exec-5] INFO  k.c.interceptor.CommonInterceptor - ACCESS INFO======================================================
09:24:36.942 [http-nio-80-exec-5] INFO  k.c.interceptor.CommonInterceptor - PORT		    ::::::		80
09:24:36.942 [http-nio-80-exec-5] INFO  k.c.interceptor.CommonInterceptor - ServerName		::::::		localhost
09:24:36.942 [http-nio-80-exec-5] INFO  k.c.interceptor.CommonInterceptor - HTTPMethod		::::::		GET
09:24:36.942 [http-nio-80-exec-5] INFO  k.c.interceptor.CommonInterceptor - URI			    ::::::		/userAdd/userAddForm
09:24:36.942 [http-nio-80-exec-5] INFO  k.c.interceptor.CommonInterceptor - CLIENT IP		::::::		0:0:0:0:0:0:0:1
09:24:36.942 [http-nio-80-exec-5] INFO  k.c.interceptor.CommonInterceptor - Parameter		::::::		
09:24:36.942 [http-nio-80-exec-5] INFO  k.c.interceptor.CommonInterceptor - ACCESS INFO======================================================
09:24:44.678 [http-nio-80-exec-6] INFO  k.c.interceptor.CommonInterceptor - ACCESS INFO======================================================
09:24:44.678 [http-nio-80-exec-6] INFO  k.c.interceptor.CommonInterceptor - PORT		    ::::::		80
09:24:44.678 [http-nio-80-exec-6] INFO  k.c.interceptor.CommonInterceptor - ServerName		::::::		localhost
09:24:44.678 [http-nio-80-exec-6] INFO  k.c.interceptor.CommonInterceptor - HTTPMethod		::::::		POST
09:24:44.678 [http-nio-80-exec-6] INFO  k.c.interceptor.CommonInterceptor - URI			    ::::::		/userAdd/userIdCheck
09:24:44.678 [http-nio-80-exec-6] INFO  k.c.interceptor.CommonInterceptor - CLIENT IP		::::::		0:0:0:0:0:0:0:1
09:24:44.678 [http-nio-80-exec-6] INFO  k.c.interceptor.CommonInterceptor - Parameter		::::::		urbanfarmerId : id001
09:24:44.678 [http-nio-80-exec-6] INFO  k.c.interceptor.CommonInterceptor - ACCESS INFO======================================================
09:24:44.678 [http-nio-80-exec-6] INFO  k.user.controller.UserAddController - id 중복체크: id001
09:24:44.724 [http-nio-80-exec-6] INFO  k.user.controller.UserAddController - id 중복체크 결과: true
09:24:49.653 [http-nio-80-exec-10] INFO  k.c.interceptor.CommonInterceptor - ACCESS INFO======================================================
09:24:49.653 [http-nio-80-exec-10] INFO  k.c.interceptor.CommonInterceptor - PORT		    ::::::		80
09:24:49.653 [http-nio-80-exec-10] INFO  k.c.interceptor.CommonInterceptor - ServerName		::::::		localhost
09:24:49.653 [http-nio-80-exec-10] INFO  k.c.interceptor.CommonInterceptor - HTTPMethod		::::::		POST
09:24:49.653 [http-nio-80-exec-10] INFO  k.c.interceptor.CommonInterceptor - URI			    ::::::		/userAdd/userIdCheck
09:24:49.653 [http-nio-80-exec-10] INFO  k.c.interceptor.CommonInterceptor - CLIENT IP		::::::		0:0:0:0:0:0:0:1
09:24:49.653 [http-nio-80-exec-10] INFO  k.c.interceptor.CommonInterceptor - Parameter		::::::		urbanfarmerId : id0123
09:24:49.654 [http-nio-80-exec-10] INFO  k.c.interceptor.CommonInterceptor - ACCESS INFO======================================================
09:24:49.654 [http-nio-80-exec-10] INFO  k.user.controller.UserAddController - id 중복체크: id0123
09:24:49.700 [http-nio-80-exec-10] INFO  k.user.controller.UserAddController - id 중복체크 결과: false
09:26:59.238 [http-nio-80-exec-2] INFO  k.c.interceptor.CommonInterceptor - ACCESS INFO======================================================
09:26:59.239 [http-nio-80-exec-2] INFO  k.c.interceptor.CommonInterceptor - PORT		    ::::::		80
09:26:59.239 [http-nio-80-exec-2] INFO  k.c.interceptor.CommonInterceptor - ServerName		::::::		localhost
09:26:59.239 [http-nio-80-exec-2] INFO  k.c.interceptor.CommonInterceptor - HTTPMethod		::::::		GET
09:26:59.239 [http-nio-80-exec-2] INFO  k.c.interceptor.CommonInterceptor - URI			    ::::::		/userAdd/userAddForm
09:26:59.239 [http-nio-80-exec-2] INFO  k.c.interceptor.CommonInterceptor - CLIENT IP		::::::		0:0:0:0:0:0:0:1
09:26:59.239 [http-nio-80-exec-2] INFO  k.c.interceptor.CommonInterceptor - Parameter		::::::		
09:26:59.239 [http-nio-80-exec-2] INFO  k.c.interceptor.CommonInterceptor - ACCESS INFO======================================================
09:26:59.725 [http-nio-80-exec-1] INFO  k.c.interceptor.CommonInterceptor - ACCESS INFO======================================================
09:26:59.725 [http-nio-80-exec-1] INFO  k.c.interceptor.CommonInterceptor - PORT		    ::::::		80
09:26:59.725 [http-nio-80-exec-1] INFO  k.c.interceptor.CommonInterceptor - ServerName		::::::		localhost
09:26:59.725 [http-nio-80-exec-1] INFO  k.c.interceptor.CommonInterceptor - HTTPMethod		::::::		GET
09:26:59.725 [http-nio-80-exec-1] INFO  k.c.interceptor.CommonInterceptor - URI			    ::::::		/userAdd/userAddForm
09:26:59.725 [http-nio-80-exec-1] INFO  k.c.interceptor.CommonInterceptor - CLIENT IP		::::::		0:0:0:0:0:0:0:1
09:26:59.725 [http-nio-80-exec-1] INFO  k.c.interceptor.CommonInterceptor - Parameter		::::::		
09:26:59.725 [http-nio-80-exec-1] INFO  k.c.interceptor.CommonInterceptor - ACCESS INFO======================================================
09:27:12.856 [http-nio-80-exec-3] INFO  k.c.interceptor.CommonInterceptor - ACCESS INFO======================================================
09:27:12.856 [http-nio-80-exec-3] INFO  k.c.interceptor.CommonInterceptor - PORT		    ::::::		80
09:27:12.856 [http-nio-80-exec-3] INFO  k.c.interceptor.CommonInterceptor - ServerName		::::::		localhost
09:27:12.856 [http-nio-80-exec-3] INFO  k.c.interceptor.CommonInterceptor - HTTPMethod		::::::		POST
09:27:12.856 [http-nio-80-exec-3] INFO  k.c.interceptor.CommonInterceptor - URI			    ::::::		/userAdd/userAddForm
09:27:12.856 [http-nio-80-exec-3] INFO  k.c.interceptor.CommonInterceptor - CLIENT IP		::::::		0:0:0:0:0:0:0:1
09:27:12.856 [http-nio-80-exec-3] INFO  k.c.interceptor.CommonInterceptor - Parameter		::::::		urbanfarmerId : id001, urbanfarmerPw : pw002, urbanfarmerName : sadsa, urbanfarmerEmail : park01@gmail.com, urbanfarmerPhone : 01012341234, urbanfarmerSmsCheck : y, urbanfarmerEmailCheck : y
09:27:12.856 [http-nio-80-exec-3] INFO  k.c.interceptor.CommonInterceptor - ACCESS INFO======================================================
09:27:12.914 [http-nio-80-exec-3] ERROR o.a.c.c.C.[.[.[.[dispatcherServlet] - Servlet.service() for servlet [dispatcherServlet] in context with path [] threw exception [Request processing failed: org.springframework.dao.DuplicateKeyException: 
### Error updating database.  Cause: java.sql.SQLIntegrityConstraintViolationException: Duplicate entry 'id001' for key 'urbanfarmer.PRIMARY'
### The error may exist in file [C:\Users\ASUS\git\ks47team01\ks47team01\target\classes\mapper\Urbanfarmer.xml]
### The error may involve ks47team01.user.mapper.UrbanfarmerMapper.addUrbanfarmer-Inline
### The error occurred while setting parameters
### SQL: /* 유저 회원가입 */  INSERT INTO urbanfarmer   (urbanfarmer_id, urbanfarmer_pw, urbanfarmer_name, urbanfarmer_email, urbanfarmer_phone, urbanfarmer_sms_check, urbanfarmer_email_check, urbanfarmer_insert_reg_date, urbanfarmer_update_reg_date, urbanfarmer_drop_reg_date, urbanfarmer_drop_classification)  VALUES    (?, ?, ?, ?, ?, ?, ?, CURDATE(), NULL, NULL, '정상');
### Cause: java.sql.SQLIntegrityConstraintViolationException: Duplicate entry 'id001' for key 'urbanfarmer.PRIMARY'
; Duplicate entry 'id001' for key 'urbanfarmer.PRIMARY'] with root cause
java.sql.SQLIntegrityConstraintViolationException: Duplicate entry 'id001' for key 'urbanfarmer.PRIMARY'
	at com.mysql.cj.jdbc.exceptions.SQLError.createSQLException(SQLError.java:118)
	at com.mysql.cj.jdbc.exceptions.SQLExceptionsMapping.translateException(SQLExceptionsMapping.java:122)
	at com.mysql.cj.jdbc.ClientPreparedStatement.executeInternal(ClientPreparedStatement.java:916)
	at com.mysql.cj.jdbc.ClientPreparedStatement.execute(ClientPreparedStatement.java:354)
	at net.sf.log4jdbc.sql.jdbcapi.PreparedStatementSpy.execute(PreparedStatementSpy.java:443)
	at com.zaxxer.hikari.pool.ProxyPreparedStatement.execute(ProxyPreparedStatement.java:44)
	at com.zaxxer.hikari.pool.HikariProxyPreparedStatement.execute(HikariProxyPreparedStatement.java)
	at org.apache.ibatis.executor.statement.PreparedStatementHandler.update(PreparedStatementHandler.java:48)
	at org.apache.ibatis.executor.statement.RoutingStatementHandler.update(RoutingStatementHandler.java:75)
	at org.apache.ibatis.executor.SimpleExecutor.doUpdate(SimpleExecutor.java:50)
	at org.apache.ibatis.executor.BaseExecutor.update(BaseExecutor.java:117)
	at org.apache.ibatis.executor.CachingExecutor.update(CachingExecutor.java:76)
	at org.apache.ibatis.session.defaults.DefaultSqlSession.update(DefaultSqlSession.java:197)
	at org.apache.ibatis.session.defaults.DefaultSqlSession.insert(DefaultSqlSession.java:184)
	at java.base/jdk.internal.reflect.NativeMethodAccessorImpl.invoke0(Native Method)
	at java.base/jdk.internal.reflect.NativeMethodAccessorImpl.invoke(NativeMethodAccessorImpl.java:77)
	at java.base/jdk.internal.reflect.DelegatingMethodAccessorImpl.invoke(DelegatingMethodAccessorImpl.java:43)
	at java.base/java.lang.reflect.Method.invoke(Method.java:568)
	at org.mybatis.spring.SqlSessionTemplate$SqlSessionInterceptor.invoke(SqlSessionTemplate.java:425)
	at jdk.proxy2/jdk.proxy2.$Proxy70.insert(Unknown Source)
	at org.mybatis.spring.SqlSessionTemplate.insert(SqlSessionTemplate.java:272)
	at org.apache.ibatis.binding.MapperMethod.execute(MapperMethod.java:62)
	at org.apache.ibatis.binding.MapperProxy$PlainMethodInvoker.invoke(MapperProxy.java:142)
	at org.apache.ibatis.binding.MapperProxy.invoke(MapperProxy.java:86)
	at jdk.proxy5/jdk.proxy5.$Proxy95.addUrbanfarmer(Unknown Source)
	at ks47team01.user.service.UrbanfarmerService.addUrbanfarmer(UrbanfarmerService.java:66)
	at java.base/jdk.internal.reflect.NativeMethodAccessorImpl.invoke0(Native Method)
	at java.base/jdk.internal.reflect.NativeMethodAccessorImpl.invoke(NativeMethodAccessorImpl.java:77)
	at java.base/jdk.internal.reflect.DelegatingMethodAccessorImpl.invoke(DelegatingMethodAccessorImpl.java:43)
	at java.base/java.lang.reflect.Method.invoke(Method.java:568)
	at org.springframework.aop.support.AopUtils.invokeJoinpointUsingReflection(AopUtils.java:343)
	at org.springframework.aop.framework.ReflectiveMethodInvocation.invokeJoinpoint(ReflectiveMethodInvocation.java:196)
	at org.springframework.aop.framework.ReflectiveMethodInvocation.proceed(ReflectiveMethodInvocation.java:163)
	at org.springframework.aop.framework.CglibAopProxy$CglibMethodInvocation.proceed(CglibAopProxy.java:750)
	at org.springframework.transaction.interceptor.TransactionInterceptor$1.proceedWithInvocation(TransactionInterceptor.java:123)
	at org.springframework.transaction.interceptor.TransactionAspectSupport.invokeWithinTransaction(TransactionAspectSupport.java:391)
	at org.springframework.transaction.interceptor.TransactionInterceptor.invoke(TransactionInterceptor.java:119)
	at org.springframework.aop.framework.ReflectiveMethodInvocation.proceed(ReflectiveMethodInvocation.java:184)
	at org.springframework.aop.framework.CglibAopProxy$CglibMethodInvocation.proceed(CglibAopProxy.java:750)
	at org.springframework.aop.framework.CglibAopProxy$DynamicAdvisedInterceptor.intercept(CglibAopProxy.java:702)
	at ks47team01.user.service.UrbanfarmerService$$SpringCGLIB$$0.addUrbanfarmer(<generated>)
	at ks47team01.user.controller.UserAddController.userInsertAction(UserAddController.java:44)
	at java.base/jdk.internal.reflect.NativeMethodAccessorImpl.invoke0(Native Method)
	at java.base/jdk.internal.reflect.NativeMethodAccessorImpl.invoke(NativeMethodAccessorImpl.java:77)
	at java.base/jdk.internal.reflect.DelegatingMethodAccessorImpl.invoke(DelegatingMethodAccessorImpl.java:43)
	at java.base/java.lang.reflect.Method.invoke(Method.java:568)
	at org.springframework.web.method.support.InvocableHandlerMethod.doInvoke(InvocableHandlerMethod.java:207)
	at org.springframework.web.method.support.InvocableHandlerMethod.invokeForRequest(InvocableHandlerMethod.java:152)
	at org.springframework.web.servlet.mvc.method.annotation.ServletInvocableHandlerMethod.invokeAndHandle(ServletInvocableHandlerMethod.java:118)
	at org.springframework.web.servlet.mvc.method.annotation.RequestMappingHandlerAdapter.invokeHandlerMethod(RequestMappingHandlerAdapter.java:884)
	at org.springframework.web.servlet.mvc.method.annotation.RequestMappingHandlerAdapter.handleInternal(RequestMappingHandlerAdapter.java:797)
	at org.springframework.web.servlet.mvc.method.AbstractHandlerMethodAdapter.handle(AbstractHandlerMethodAdapter.java:87)
	at org.springframework.web.servlet.DispatcherServlet.doDispatch(DispatcherServlet.java:1081)
	at org.springframework.web.servlet.DispatcherServlet.doService(DispatcherServlet.java:974)
	at org.springframework.web.servlet.FrameworkServlet.processRequest(FrameworkServlet.java:1011)
	at org.springframework.web.servlet.FrameworkServlet.doPost(FrameworkServlet.java:914)
	at jakarta.servlet.http.HttpServlet.service(HttpServlet.java:590)
	at org.springframework.web.servlet.FrameworkServlet.service(FrameworkServlet.java:885)
	at jakarta.servlet.http.HttpServlet.service(HttpServlet.java:658)
	at org.apache.catalina.core.ApplicationFilterChain.internalDoFilter(ApplicationFilterChain.java:205)
	at org.apache.catalina.core.ApplicationFilterChain.doFilter(ApplicationFilterChain.java:149)
	at org.apache.tomcat.websocket.server.WsFilter.doFilter(WsFilter.java:51)
	at org.apache.catalina.core.ApplicationFilterChain.internalDoFilter(ApplicationFilterChain.java:174)
	at org.apache.catalina.core.ApplicationFilterChain.doFilter(ApplicationFilterChain.java:149)
	at org.springframework.web.filter.RequestContextFilter.doFilterInternal(RequestContextFilter.java:100)
	at org.springframework.web.filter.OncePerRequestFilter.doFilter(OncePerRequestFilter.java:116)
	at org.apache.catalina.core.ApplicationFilterChain.internalDoFilter(ApplicationFilterChain.java:174)
	at org.apache.catalina.core.ApplicationFilterChain.doFilter(ApplicationFilterChain.java:149)
	at org.springframework.web.filter.FormContentFilter.doFilterInternal(FormContentFilter.java:93)
	at org.springframework.web.filter.OncePerRequestFilter.doFilter(OncePerRequestFilter.java:116)
	at org.apache.catalina.core.ApplicationFilterChain.internalDoFilter(ApplicationFilterChain.java:174)
	at org.apache.catalina.core.ApplicationFilterChain.doFilter(ApplicationFilterChain.java:149)
	at org.springframework.web.filter.CharacterEncodingFilter.doFilterInternal(CharacterEncodingFilter.java:201)
	at org.springframework.web.filter.OncePerRequestFilter.doFilter(OncePerRequestFilter.java:116)
	at org.apache.catalina.core.ApplicationFilterChain.internalDoFilter(ApplicationFilterChain.java:174)
	at org.apache.catalina.core.ApplicationFilterChain.doFilter(ApplicationFilterChain.java:149)
	at org.apache.catalina.core.StandardWrapperValve.invoke(StandardWrapperValve.java:166)
	at org.apache.catalina.core.StandardContextValve.invoke(StandardContextValve.java:90)
	at org.apache.catalina.authenticator.AuthenticatorBase.invoke(AuthenticatorBase.java:482)
	at org.apache.catalina.core.StandardHostValve.invoke(StandardHostValve.java:115)
	at org.apache.catalina.valves.ErrorReportValve.invoke(ErrorReportValve.java:93)
	at org.apache.catalina.core.StandardEngineValve.invoke(StandardEngineValve.java:74)
	at org.apache.catalina.connector.CoyoteAdapter.service(CoyoteAdapter.java:341)
	at org.apache.coyote.http11.Http11Processor.service(Http11Processor.java:390)
	at org.apache.coyote.AbstractProcessorLight.process(AbstractProcessorLight.java:63)
	at org.apache.coyote.AbstractProtocol$ConnectionHandler.process(AbstractProtocol.java:894)
	at org.apache.tomcat.util.net.NioEndpoint$SocketProcessor.doRun(NioEndpoint.java:1741)
	at org.apache.tomcat.util.net.SocketProcessorBase.run(SocketProcessorBase.java:52)
	at org.apache.tomcat.util.threads.ThreadPoolExecutor.runWorker(ThreadPoolExecutor.java:1191)
	at org.apache.tomcat.util.threads.ThreadPoolExecutor$Worker.run(ThreadPoolExecutor.java:659)
	at org.apache.tomcat.util.threads.TaskThread$WrappingRunnable.run(TaskThread.java:61)
	at java.base/java.lang.Thread.run(Thread.java:833)
09:27:12.915 [http-nio-80-exec-3] INFO  k.c.interceptor.CommonInterceptor - ACCESS INFO======================================================
09:27:12.915 [http-nio-80-exec-3] INFO  k.c.interceptor.CommonInterceptor - PORT		    ::::::		80
09:27:12.915 [http-nio-80-exec-3] INFO  k.c.interceptor.CommonInterceptor - ServerName		::::::		localhost
09:27:12.915 [http-nio-80-exec-3] INFO  k.c.interceptor.CommonInterceptor - HTTPMethod		::::::		POST
09:27:12.915 [http-nio-80-exec-3] INFO  k.c.interceptor.CommonInterceptor - URI			    ::::::		/error
09:27:12.915 [http-nio-80-exec-3] INFO  k.c.interceptor.CommonInterceptor - CLIENT IP		::::::		0:0:0:0:0:0:0:1
09:27:12.915 [http-nio-80-exec-3] INFO  k.c.interceptor.CommonInterceptor - Parameter		::::::		urbanfarmerId : id001, urbanfarmerPw : pw002, urbanfarmerName : sadsa, urbanfarmerEmail : park01@gmail.com, urbanfarmerPhone : 01012341234, urbanfarmerSmsCheck : y, urbanfarmerEmailCheck : y
09:27:12.915 [http-nio-80-exec-3] INFO  k.c.interceptor.CommonInterceptor - ACCESS INFO======================================================
09:30:08.425 [http-nio-80-exec-2] INFO  k.c.interceptor.CommonInterceptor - ACCESS INFO======================================================
09:30:08.425 [http-nio-80-exec-2] INFO  k.c.interceptor.CommonInterceptor - PORT		    ::::::		80
09:30:08.425 [http-nio-80-exec-2] INFO  k.c.interceptor.CommonInterceptor - ServerName		::::::		localhost
09:30:08.425 [http-nio-80-exec-2] INFO  k.c.interceptor.CommonInterceptor - HTTPMethod		::::::		GET
09:30:08.425 [http-nio-80-exec-2] INFO  k.c.interceptor.CommonInterceptor - URI			    ::::::		/userAdd/userAddForm
09:30:08.425 [http-nio-80-exec-2] INFO  k.c.interceptor.CommonInterceptor - CLIENT IP		::::::		0:0:0:0:0:0:0:1
09:30:08.425 [http-nio-80-exec-2] INFO  k.c.interceptor.CommonInterceptor - Parameter		::::::		
09:30:08.425 [http-nio-80-exec-2] INFO  k.c.interceptor.CommonInterceptor - ACCESS INFO======================================================
09:30:46.312 [http-nio-80-exec-4] INFO  k.c.interceptor.CommonInterceptor - ACCESS INFO======================================================
09:30:46.312 [http-nio-80-exec-4] INFO  k.c.interceptor.CommonInterceptor - PORT		    ::::::		80
09:30:46.312 [http-nio-80-exec-4] INFO  k.c.interceptor.CommonInterceptor - ServerName		::::::		localhost
09:30:46.312 [http-nio-80-exec-4] INFO  k.c.interceptor.CommonInterceptor - HTTPMethod		::::::		GET
09:30:46.312 [http-nio-80-exec-4] INFO  k.c.interceptor.CommonInterceptor - URI			    ::::::		/userAdd/userAddForm
09:30:46.312 [http-nio-80-exec-4] INFO  k.c.interceptor.CommonInterceptor - CLIENT IP		::::::		0:0:0:0:0:0:0:1
09:30:46.312 [http-nio-80-exec-4] INFO  k.c.interceptor.CommonInterceptor - Parameter		::::::		
09:30:46.312 [http-nio-80-exec-4] INFO  k.c.interceptor.CommonInterceptor - ACCESS INFO======================================================
09:31:14.896 [http-nio-80-exec-3] INFO  k.c.interceptor.CommonInterceptor - ACCESS INFO======================================================
09:31:14.896 [http-nio-80-exec-3] INFO  k.c.interceptor.CommonInterceptor - PORT		    ::::::		80
09:31:14.896 [http-nio-80-exec-3] INFO  k.c.interceptor.CommonInterceptor - ServerName		::::::		localhost
09:31:14.896 [http-nio-80-exec-3] INFO  k.c.interceptor.CommonInterceptor - HTTPMethod		::::::		POST
09:31:14.896 [http-nio-80-exec-3] INFO  k.c.interceptor.CommonInterceptor - URI			    ::::::		/userAdd/userIdCheck
09:31:14.896 [http-nio-80-exec-3] INFO  k.c.interceptor.CommonInterceptor - CLIENT IP		::::::		0:0:0:0:0:0:0:1
09:31:14.896 [http-nio-80-exec-3] INFO  k.c.interceptor.CommonInterceptor - Parameter		::::::		urbanfarmerId : id001
09:31:14.896 [http-nio-80-exec-3] INFO  k.c.interceptor.CommonInterceptor - ACCESS INFO======================================================
09:31:14.896 [http-nio-80-exec-3] INFO  k.user.controller.UserAddController - id 중복체크: id001
09:31:14.942 [http-nio-80-exec-3] INFO  k.user.controller.UserAddController - id 중복체크 결과: true
09:31:20.295 [http-nio-80-exec-7] INFO  k.c.interceptor.CommonInterceptor - ACCESS INFO======================================================
09:31:20.295 [http-nio-80-exec-7] INFO  k.c.interceptor.CommonInterceptor - PORT		    ::::::		80
09:31:20.295 [http-nio-80-exec-7] INFO  k.c.interceptor.CommonInterceptor - ServerName		::::::		localhost
09:31:20.295 [http-nio-80-exec-7] INFO  k.c.interceptor.CommonInterceptor - HTTPMethod		::::::		POST
09:31:20.295 [http-nio-80-exec-7] INFO  k.c.interceptor.CommonInterceptor - URI			    ::::::		/userAdd/userIdCheck
09:31:20.295 [http-nio-80-exec-7] INFO  k.c.interceptor.CommonInterceptor - CLIENT IP		::::::		0:0:0:0:0:0:0:1
09:31:20.295 [http-nio-80-exec-7] INFO  k.c.interceptor.CommonInterceptor - Parameter		::::::		urbanfarmerId : park01
09:31:20.295 [http-nio-80-exec-7] INFO  k.c.interceptor.CommonInterceptor - ACCESS INFO======================================================
09:31:20.295 [http-nio-80-exec-7] INFO  k.user.controller.UserAddController - id 중복체크: park01
09:31:20.341 [http-nio-80-exec-7] INFO  k.user.controller.UserAddController - id 중복체크 결과: true
09:31:23.197 [http-nio-80-exec-1] INFO  k.c.interceptor.CommonInterceptor - ACCESS INFO======================================================
09:31:23.197 [http-nio-80-exec-1] INFO  k.c.interceptor.CommonInterceptor - PORT		    ::::::		80
09:31:23.197 [http-nio-80-exec-1] INFO  k.c.interceptor.CommonInterceptor - ServerName		::::::		localhost
09:31:23.197 [http-nio-80-exec-1] INFO  k.c.interceptor.CommonInterceptor - HTTPMethod		::::::		POST
09:31:23.197 [http-nio-80-exec-1] INFO  k.c.interceptor.CommonInterceptor - URI			    ::::::		/userAdd/userIdCheck
09:31:23.197 [http-nio-80-exec-1] INFO  k.c.interceptor.CommonInterceptor - CLIENT IP		::::::		0:0:0:0:0:0:0:1
09:31:23.197 [http-nio-80-exec-1] INFO  k.c.interceptor.CommonInterceptor - Parameter		::::::		urbanfarmerId : asddsa
09:31:23.197 [http-nio-80-exec-1] INFO  k.c.interceptor.CommonInterceptor - ACCESS INFO======================================================
09:31:23.197 [http-nio-80-exec-1] INFO  k.user.controller.UserAddController - id 중복체크: asddsa
09:31:23.243 [http-nio-80-exec-1] INFO  k.user.controller.UserAddController - id 중복체크 결과: false
09:31:24.596 [http-nio-80-exec-2] INFO  k.c.interceptor.CommonInterceptor - ACCESS INFO======================================================
09:31:24.596 [http-nio-80-exec-2] INFO  k.c.interceptor.CommonInterceptor - PORT		    ::::::		80
09:31:24.596 [http-nio-80-exec-2] INFO  k.c.interceptor.CommonInterceptor - ServerName		::::::		localhost
09:31:24.596 [http-nio-80-exec-2] INFO  k.c.interceptor.CommonInterceptor - HTTPMethod		::::::		POST
09:31:24.596 [http-nio-80-exec-2] INFO  k.c.interceptor.CommonInterceptor - URI			    ::::::		/userAdd/userIdCheck
09:31:24.596 [http-nio-80-exec-2] INFO  k.c.interceptor.CommonInterceptor - CLIENT IP		::::::		0:0:0:0:0:0:0:1
09:31:24.596 [http-nio-80-exec-2] INFO  k.c.interceptor.CommonInterceptor - Parameter		::::::		urbanfarmerId : asddsa
09:31:24.596 [http-nio-80-exec-2] INFO  k.c.interceptor.CommonInterceptor - ACCESS INFO======================================================
09:31:24.596 [http-nio-80-exec-2] INFO  k.user.controller.UserAddController - id 중복체크: asddsa
09:31:24.640 [http-nio-80-exec-2] INFO  k.user.controller.UserAddController - id 중복체크 결과: false
09:31:25.828 [http-nio-80-exec-6] INFO  k.c.interceptor.CommonInterceptor - ACCESS INFO======================================================
09:31:25.828 [http-nio-80-exec-6] INFO  k.c.interceptor.CommonInterceptor - PORT		    ::::::		80
09:31:25.828 [http-nio-80-exec-6] INFO  k.c.interceptor.CommonInterceptor - ServerName		::::::		localhost
09:31:25.828 [http-nio-80-exec-6] INFO  k.c.interceptor.CommonInterceptor - HTTPMethod		::::::		POST
09:31:25.828 [http-nio-80-exec-6] INFO  k.c.interceptor.CommonInterceptor - URI			    ::::::		/userAdd/userIdCheck
09:31:25.828 [http-nio-80-exec-6] INFO  k.c.interceptor.CommonInterceptor - CLIENT IP		::::::		0:0:0:0:0:0:0:1
09:31:25.828 [http-nio-80-exec-6] INFO  k.c.interceptor.CommonInterceptor - Parameter		::::::		urbanfarmerId : asddsa
09:31:25.828 [http-nio-80-exec-6] INFO  k.c.interceptor.CommonInterceptor - ACCESS INFO======================================================
09:31:25.829 [http-nio-80-exec-6] INFO  k.user.controller.UserAddController - id 중복체크: asddsa
09:31:25.872 [http-nio-80-exec-6] INFO  k.user.controller.UserAddController - id 중복체크 결과: false
09:33:38.645 [http-nio-80-exec-1] INFO  k.c.interceptor.CommonInterceptor - ACCESS INFO======================================================
09:33:38.646 [http-nio-80-exec-1] INFO  k.c.interceptor.CommonInterceptor - PORT		    ::::::		80
09:33:38.646 [http-nio-80-exec-1] INFO  k.c.interceptor.CommonInterceptor - ServerName		::::::		localhost
09:33:38.646 [http-nio-80-exec-1] INFO  k.c.interceptor.CommonInterceptor - HTTPMethod		::::::		GET
09:33:38.646 [http-nio-80-exec-1] INFO  k.c.interceptor.CommonInterceptor - URI			    ::::::		/userLogin/userLogin
09:33:38.646 [http-nio-80-exec-1] INFO  k.c.interceptor.CommonInterceptor - CLIENT IP		::::::		0:0:0:0:0:0:0:1
09:33:38.646 [http-nio-80-exec-1] INFO  k.c.interceptor.CommonInterceptor - Parameter		::::::		
09:33:38.646 [http-nio-80-exec-1] INFO  k.c.interceptor.CommonInterceptor - ACCESS INFO======================================================
09:37:56.149 [RMI TCP Connection(37)-127.0.0.1] INFO  o.s.b.a.SpringApplicationAdminMXBeanRegistrar$SpringApplicationAdmin - Application shutdown requested.
